Log file open, 12/11/19 08:28:49
LogWindows: Failed to load 'aqProf.dll' (GetLastError=126)
LogWindows: File 'aqProf.dll' does not exist
LogWindows: Failed to load 'VtuneApi.dll' (GetLastError=126)
LogWindows: File 'VtuneApi.dll' does not exist
LogWindows: Failed to load 'VtuneApi32e.dll' (GetLastError=126)
LogWindows: File 'VtuneApi32e.dll' does not exist
LogConsoleResponse: Display: Failed to find resolution value strings in scalability ini. Falling back to default.
LogInit: Display: Running engine for game: TheGraduation
LogPlatformFile: Not using cached read wrapper
LogTaskGraph: Started task graph with 5 named threads and 35 total threads with 3 sets of task threads.
LogStats: Stats thread started at 0.066881
LogD3D11RHI: Loaded GFSDK_Aftermath_Lib.x64.dll
LogICUInternationalization: ICU TimeZone Detection - Raw Offset: -5:00, Platform Override: ''
LogPluginManager: Mounting plugin Paper2D
LogPluginManager: Mounting plugin AISupport
LogPluginManager: Mounting plugin LightPropagationVolume
LogPluginManager: Mounting plugin ActorLayerUtilities
LogPluginManager: Mounting plugin AnimationSharing
LogPluginManager: Mounting plugin CLionSourceCodeAccess
LogPluginManager: Mounting plugin CodeLiteSourceCodeAccess
LogPluginManager: Mounting plugin GitSourceControl
LogPluginManager: Mounting plugin KDevelopSourceCodeAccess
LogPluginManager: Mounting plugin NullSourceCodeAccess
LogPluginManager: Mounting plugin PerforceSourceControl
LogPluginManager: Mounting plugin SubversionSourceControl
LogPluginManager: Mounting plugin UObjectPlugin
LogPluginManager: Mounting plugin VisualStudioCodeSourceCodeAccess
LogPluginManager: Mounting plugin VisualStudioSourceCodeAccess
LogPluginManager: Mounting plugin XCodeSourceCodeAccess
LogPluginManager: Mounting plugin AssetManagerEditor
LogPluginManager: Mounting plugin CryptoKeys
LogPluginManager: Mounting plugin CurveEditorTools
LogPluginManager: Mounting plugin DataValidation
LogPluginManager: Mounting plugin EditorScriptingUtilities
LogPluginManager: Mounting plugin FacialAnimation
LogPluginManager: Mounting plugin GameplayTagsEditor
LogPluginManager: Mounting plugin GLTFImporter
LogPluginManager: Mounting plugin MacGraphicsSwitching
LogPluginManager: Mounting plugin MaterialAnalyzer
LogPluginManager: Mounting plugin MeshEditor
LogPluginManager: Mounting plugin MobileLauncherProfileWizard
LogPluginManager: Mounting plugin PluginBrowser
LogPluginManager: Mounting plugin SpeedTreeImporter
LogPluginManager: Mounting plugin DatasmithContent
LogPluginManager: Mounting plugin VariantManagerContent
LogPluginManager: Mounting plugin AlembicImporter
LogPluginManager: Mounting plugin AutomationUtils
LogPluginManager: Mounting plugin BackChannel
LogPluginManager: Mounting plugin BlastPlugin
LogPluginManager: Mounting plugin ChaosSolverPlugin
LogPluginManager: Mounting plugin CharacterAI
LogPluginManager: Mounting plugin DataPrepEditor
LogPluginManager: Mounting plugin GeometryCache
LogPluginManager: Mounting plugin GeometryCollectionPlugin
LogPluginManager: Mounting plugin HTML5Networking
LogPluginManager: Mounting plugin PlatformCrypto
LogPluginManager: Mounting plugin ProxyLODPlugin
LogPluginManager: Mounting plugin SkeletalReduction
LogPluginManager: Mounting plugin MagicLeap
LogPluginManager: Mounting plugin MagicLeapMedia
LogPluginManager: Mounting plugin AndroidMedia
LogPluginManager: Mounting plugin AvfMedia
LogPluginManager: Mounting plugin ImgMedia
LogPluginManager: Mounting plugin MediaCompositing
LogPluginManager: Mounting plugin MediaPlayerEditor
LogPluginManager: Mounting plugin WebMMedia
LogPluginManager: Mounting plugin WmfMedia
LogPluginManager: Mounting plugin TcpMessaging
LogPluginManager: Mounting plugin UdpMessaging
LogPluginManager: Mounting plugin ActorSequence
LogPluginManager: Mounting plugin LevelSequenceEditor
LogPluginManager: Mounting plugin MatineeToLevelSequence
LogPluginManager: Mounting plugin NetcodeUnitTest
LogPluginManager: Mounting plugin NUTUnrealEngine4
LogPluginManager: Mounting plugin OnlineSubsystemGooglePlay
LogPluginManager: Mounting plugin OnlineSubsystemIOS
LogPluginManager: Mounting plugin OnlineSubsystem
LogPluginManager: Mounting plugin OnlineSubsystemNull
LogPluginManager: Mounting plugin OnlineSubsystemUtils
LogPluginManager: Mounting plugin LauncherChunkInstaller
LogPluginManager: Mounting plugin AndroidDeviceProfileSelector
LogPluginManager: Mounting plugin AndroidMoviePlayer
LogPluginManager: Mounting plugin AndroidPermission
LogPluginManager: Mounting plugin AppleImageUtils
LogPluginManager: Mounting plugin AppleMoviePlayer
LogPluginManager: Mounting plugin ArchVisCharacter
LogPluginManager: Mounting plugin AudioCapture
LogPluginManager: Mounting plugin CableComponent
LogPluginManager: Mounting plugin CustomMeshComponent
LogPluginManager: Mounting plugin EditableMesh
LogPluginManager: Mounting plugin ExampleDeviceProfileSelector
LogPluginManager: Mounting plugin GoogleCloudMessaging
LogPluginManager: Mounting plugin IOSDeviceProfileSelector
LogPluginManager: Mounting plugin LinuxDeviceProfileSelector
LogPluginManager: Mounting plugin LocationServicesBPLibrary
LogPluginManager: Mounting plugin MobilePatchingUtils
LogPluginManager: Mounting plugin OculusVR
LogPluginManager: Mounting plugin PhysXVehicles
LogPluginManager: Mounting plugin ProceduralMeshComponent
LogPluginManager: Mounting plugin RuntimePhysXCooking
LogPluginManager: Mounting plugin SignificanceManager
LogPluginManager: Mounting plugin SteamVR
LogPluginManager: Mounting plugin WebMMoviePlayer
LogPluginManager: Mounting plugin WindowsMoviePlayer
LogPluginManager: Mounting plugin ScreenshotTools
LogPluginManager: Mounting plugin DatasmithC4DImporter
LogPluginManager: Mounting plugin DatasmithCADImporter
LogPluginManager: Mounting plugin DatasmithFBXImporter
LogPluginManager: Mounting plugin DatasmithGLTFImporter
LogPluginManager: Mounting plugin DatasmithIFCImporter
LogPluginManager: Mounting plugin DatasmithImporter
LogPluginManager: Mounting plugin MDLImporter
LogPluginManager: Mounting plugin StaticMeshEditorExtension
LogPluginManager: Mounting plugin VariantManager
LogInit: Using libcurl 7.55.1-DEV
LogInit:  - built for x86_64-pc-win32
LogInit:  - supports SSL with OpenSSL/1.1.1
LogInit:  - supports HTTP deflate (compression) using libz 1.2.8
LogInit:  - other features:
LogInit:      CURL_VERSION_SSL
LogInit:      CURL_VERSION_LIBZ
LogInit:      CURL_VERSION_IPV6
LogInit:      CURL_VERSION_ASYNCHDNS
LogInit:      CURL_VERSION_LARGEFILE
LogInit:      CURL_VERSION_IDN
LogInit:  CurlRequestOptions (configurable via config and command line):
LogInit:  - bVerifyPeer = true  - Libcurl will verify peer certificate
LogInit:  - bUseHttpProxy = false  - Libcurl will NOT use HTTP proxy
LogInit:  - bDontReuseConnections = false  - Libcurl will reuse connections
LogInit:  - MaxHostConnections = 16  - Libcurl will limit the number of connections to a host
LogInit:  - LocalHostAddr = Default
LogInit:  - BufferSize = 65536
LogOnline: OSS: Creating online subsystem instance for: NULL
LogInit: WinSock: version 1.1 (2.2), MaxSocks=32767, MaxUdp=65467
LogInit: Build: ++UE4+Release-4.23-CL-9631420
LogInit: Engine Version: 4.23.1-9631420+++UE4+Release-4.23
LogInit: Compatible Engine Version: 4.23.0-8386587+++UE4+Release-4.23
LogInit: Net CL: 8386587
LogInit: OS: Windows 10 (Release 1903) (), CPU: Intel(R) Core(TM) i7-9750H CPU @ 2.60GHz, GPU: NVIDIA GeForce RTX 2070 with Max-Q Design
LogInit: Compiled (64-bit): Oct 18 2019 02:07:44
LogInit: Compiled with Visual C++: 19.16.27030.01
LogInit: Build Configuration: Development
LogInit: Branch Name: ++UE4+Release-4.23
LogInit: Command Line: 
LogInit: Base Directory: C:/Program Files/Epic Games/UE_4.23/Engine/Binaries/Win64/
LogInit: Installed Engine Build: 1
LogDevObjectVersion: Number of dev versions registered: 23
LogDevObjectVersion:   Dev-Blueprints (B0D832E4-1F89-4F0D-ACCF-7EB736FD4AA2): 10
LogDevObjectVersion:   Dev-Build (E1C64328-A22C-4D53-A36C-8E866417BD8C): 0
LogDevObjectVersion:   Dev-Core (375EC13C-06E4-48FB-B500-84F0262A717E): 3
LogDevObjectVersion:   Dev-Editor (E4B068ED-F494-42E9-A231-DA0B2E46BB41): 34
LogDevObjectVersion:   Dev-Framework (CFFC743F-43B0-4480-9391-14DF171D2073): 35
LogDevObjectVersion:   Dev-Mobile (B02B49B5-BB20-44E9-A304-32B752E40360): 2
LogDevObjectVersion:   Dev-Networking (A4E4105C-59A1-49B5-A7C5-40C4547EDFEE): 0
LogDevObjectVersion:   Dev-Online (39C831C9-5AE6-47DC-9A44-9C173E1C8E7C): 0
LogDevObjectVersion:   Dev-Physics (78F01B33-EBEA-4F98-B9B4-84EACCB95AA2): 0
LogDevObjectVersion:   Dev-Platform (6631380F-2D4D-43E0-8009-CF276956A95A): 0
LogDevObjectVersion:   Dev-Rendering (12F88B9F-8875-4AFC-A67C-D90C383ABD29): 31
LogDevObjectVersion:   Dev-Sequencer (7B5AE74C-D270-4C10-A958-57980B212A5A): 11
LogDevObjectVersion:   Dev-VR (D7296918-1DD6-4BDD-9DE2-64A83CC13884): 2
LogDevObjectVersion:   Dev-LoadTimes (C2A15278-BFE7-4AFE-6C17-90FF531DF755): 1
LogDevObjectVersion:   Private-Geometry (6EACA3D4-40EC-4CC1-B786-8BED09428FC5): 3
LogDevObjectVersion:   Dev-AnimPhys (29E575DD-E0A3-4627-9D10-D276232CDCEA): 17
LogDevObjectVersion:   Dev-Anim (AF43A65D-7FD3-4947-9873-3E8ED9C1BB05): 2
LogDevObjectVersion:   Dev-ReflectionCapture (6B266CEC-1EC7-4B8F-A30B-E4D90942FC07): 1
LogDevObjectVersion:   Dev-Automation (0DF73D61-A23F-47EA-B727-89E90C41499A): 1
LogDevObjectVersion:   FortniteMain (601D1886-AC64-4F84-AA16-D3DE0DEAC7D6): 27
LogDevObjectVersion:   Dev-Enterprise (9DFFBCD6-494F-0158-E221-12823C92A888): 6
LogDevObjectVersion:   Dev-Niagara (F2AED0AC-9AFE-416F-8664-AA7FFA26D6FC): 1
LogDevObjectVersion:   Dev-Destruction (174F1F0B-B4C6-45A5-B13F-2EE8D0FB917D): 9
LogInit: Presizing for max 16777216 objects, including 0 objects not considered by GC, pre-allocating 0 bytes for permanent pool.
LogInit: Object subsystem initialized
LogConfig: Setting CVar [[con.DebugEarlyDefault:1]]
LogConfig: Setting CVar [[r.setres:1280x720]]
[2019.12.11-13.28.49:344][  0]LogConfig: Setting CVar [[r.VSync:0]]
[2019.12.11-13.28.49:344][  0]LogConfig: Setting CVar [[r.RHICmdBypass:0]]
[2019.12.11-13.28.49:344][  0]LogConfig: Applying CVar settings from Section [/Script/Engine.RendererSettings] File [D:/Unreal/TheGraduation/TheGraduation/Saved/Config/Windows/Engine.ini]
[2019.12.11-13.28.49:344][  0]LogConfig: Setting CVar [[r.GPUCrashDebugging:0]]
[2019.12.11-13.28.49:344][  0]LogConfig: Applying CVar settings from Section [/Script/Engine.RendererOverrideSettings] File [D:/Unreal/TheGraduation/TheGraduation/Saved/Config/Windows/Engine.ini]
[2019.12.11-13.28.49:344][  0]LogConfig: Applying CVar settings from Section [/Script/Engine.StreamingSettings] File [D:/Unreal/TheGraduation/TheGraduation/Saved/Config/Windows/Engine.ini]
[2019.12.11-13.28.49:344][  0]LogConfig: Setting CVar [[s.MinBulkDataSizeForAsyncLoading:131072]]
[2019.12.11-13.28.49:344][  0]LogConfig: Setting CVar [[s.AsyncLoadingThreadEnabled:0]]
[2019.12.11-13.28.49:344][  0]LogConfig: Setting CVar [[s.EventDrivenLoaderEnabled:1]]
[2019.12.11-13.28.49:344][  0]LogConfig: Setting CVar [[s.WarnIfTimeLimitExceeded:0]]
[2019.12.11-13.28.49:344][  0]LogConfig: Setting CVar [[s.TimeLimitExceededMultiplier:1.5]]
[2019.12.11-13.28.49:344][  0]LogConfig: Setting CVar [[s.TimeLimitExceededMinTime:0.005]]
[2019.12.11-13.28.49:344][  0]LogConfig: Setting CVar [[s.UseBackgroundLevelStreaming:1]]
[2019.12.11-13.28.49:344][  0]LogConfig: Setting CVar [[s.PriorityAsyncLoadingExtraTime:15.0]]
[2019.12.11-13.28.49:344][  0]LogConfig: Setting CVar [[s.LevelStreamingActorsUpdateTimeLimit:5.0]]
[2019.12.11-13.28.49:344][  0]LogConfig: Setting CVar [[s.PriorityLevelStreamingActorsUpdateExtraTime:5.0]]
[2019.12.11-13.28.49:344][  0]LogConfig: Setting CVar [[s.LevelStreamingComponentsRegistrationGranularity:10]]
[2019.12.11-13.28.49:344][  0]LogConfig: Setting CVar [[s.UnregisterComponentsTimeLimit:1.0]]
[2019.12.11-13.28.49:344][  0]LogConfig: Setting CVar [[s.LevelStreamingComponentsUnregistrationGranularity:5]]
[2019.12.11-13.28.49:344][  0]LogConfig: Applying CVar settings from Section [/Script/Engine.GarbageCollectionSettings] File [D:/Unreal/TheGraduation/TheGraduation/Saved/Config/Windows/Engine.ini]
[2019.12.11-13.28.49:344][  0]LogConfig: Setting CVar [[gc.MaxObjectsNotConsideredByGC:1]]
[2019.12.11-13.28.49:344][  0]LogConfig: Setting CVar [[gc.SizeOfPermanentObjectPool:0]]
[2019.12.11-13.28.49:344][  0]LogConfig: Setting CVar [[gc.FlushStreamingOnGC:0]]
[2019.12.11-13.28.49:344][  0]LogConfig: Setting CVar [[gc.NumRetriesBeforeForcingGC:10]]
[2019.12.11-13.28.49:344][  0]LogConfig: Setting CVar [[gc.AllowParallelGC:1]]
[2019.12.11-13.28.49:344][  0]LogConfig: Setting CVar [[gc.TimeBetweenPurgingPendingKillObjects:61.1]]
[2019.12.11-13.28.49:344][  0]LogConfig: Setting CVar [[gc.MaxObjectsInEditor:16777216]]
[2019.12.11-13.28.49:344][  0]LogConfig: Setting CVar [[gc.IncrementalBeginDestroyEnabled:1]]
[2019.12.11-13.28.49:344][  0]LogConfig: Setting CVar [[gc.CreateGCClusters:1]]
[2019.12.11-13.28.49:344][  0]LogConfig: Setting CVar [[gc.MinGCClusterSize:5]]
[2019.12.11-13.28.49:344][  0]LogConfig: Setting CVar [[gc.ActorClusteringEnabled:0]]
[2019.12.11-13.28.49:344][  0]LogConfig: Setting CVar [[gc.BlueprintClusteringEnabled:0]]
[2019.12.11-13.28.49:344][  0]LogConfig: Setting CVar [[gc.UseDisregardForGCOnDedicatedServers:0]]
[2019.12.11-13.28.49:345][  0]LogConfig: Applying CVar settings from Section [/Script/Engine.NetworkSettings] File [D:/Unreal/TheGraduation/TheGraduation/Saved/Config/Windows/Engine.ini]
[2019.12.11-13.28.49:345][  0]LogConfig: Applying CVar settings from Section [/Script/UnrealEd.CookerSettings] File [D:/Unreal/TheGraduation/TheGraduation/Saved/Config/Windows/Engine.ini]
[2019.12.11-13.28.49:346][  0]LogConfig: Applying CVar settings from Section [ViewDistanceQuality@3] File [D:/Unreal/TheGraduation/TheGraduation/Saved/Config/Windows/Scalability.ini]
[2019.12.11-13.28.49:346][  0]LogConfig: Setting CVar [[r.SkeletalMeshLODBias:0]]
[2019.12.11-13.28.49:346][  0]LogConfig: Setting CVar [[r.ViewDistanceScale:1.0]]
[2019.12.11-13.28.49:346][  0]LogConfig: Applying CVar settings from Section [AntiAliasingQuality@3] File [D:/Unreal/TheGraduation/TheGraduation/Saved/Config/Windows/Scalability.ini]
[2019.12.11-13.28.49:346][  0]LogConfig: Setting CVar [[r.PostProcessAAQuality:4]]
[2019.12.11-13.28.49:346][  0]LogConfig: Applying CVar settings from Section [ShadowQuality@3] File [D:/Unreal/TheGraduation/TheGraduation/Saved/Config/Windows/Scalability.ini]
[2019.12.11-13.28.49:346][  0]LogConfig: Setting CVar [[r.LightFunctionQuality:1]]
[2019.12.11-13.28.49:346][  0]LogConfig: Setting CVar [[r.ShadowQuality:5]]
[2019.12.11-13.28.49:346][  0]LogConfig: Setting CVar [[r.Shadow.CSM.MaxCascades:10]]
[2019.12.11-13.28.49:346][  0]LogConfig: Setting CVar [[r.Shadow.MaxResolution:2048]]
[2019.12.11-13.28.49:346][  0]LogConfig: Setting CVar [[r.Shadow.MaxCSMResolution:2048]]
[2019.12.11-13.28.49:346][  0]LogConfig: Setting CVar [[r.Shadow.RadiusThreshold:0.01]]
[2019.12.11-13.28.49:346][  0]LogConfig: Setting CVar [[r.Shadow.DistanceScale:1.0]]
[2019.12.11-13.28.49:346][  0]LogConfig: Setting CVar [[r.Shadow.CSM.TransitionScale:1.0]]
[2019.12.11-13.28.49:347][  0]LogConfig: Setting CVar [[r.Shadow.PreShadowResolutionFactor:1.0]]
[2019.12.11-13.28.49:347][  0]LogConfig: Setting CVar [[r.DistanceFieldShadowing:1]]
[2019.12.11-13.28.49:347][  0]LogConfig: Setting CVar [[r.DistanceFieldAO:1]]
[2019.12.11-13.28.49:347][  0]LogConfig: Setting CVar [[r.AOQuality:2]]
[2019.12.11-13.28.49:347][  0]LogConfig: Setting CVar [[r.VolumetricFog:1]]
[2019.12.11-13.28.49:347][  0]LogConfig: Setting CVar [[r.VolumetricFog.GridPixelSize:8]]
[2019.12.11-13.28.49:347][  0]LogConfig: Setting CVar [[r.VolumetricFog.GridSizeZ:128]]
[2019.12.11-13.28.49:347][  0]LogConfig: Setting CVar [[r.VolumetricFog.HistoryMissSupersampleCount:4]]
[2019.12.11-13.28.49:347][  0]LogConfig: Setting CVar [[r.LightMaxDrawDistanceScale:1]]
[2019.12.11-13.28.49:347][  0]LogConfig: Setting CVar [[r.CapsuleShadows:1]]
[2019.12.11-13.28.49:347][  0]LogConfig: Applying CVar settings from Section [PostProcessQuality@3] File [D:/Unreal/TheGraduation/TheGraduation/Saved/Config/Windows/Scalability.ini]
[2019.12.11-13.28.49:347][  0]LogConfig: Setting CVar [[r.MotionBlurQuality:4]]
[2019.12.11-13.28.49:347][  0]LogConfig: Setting CVar [[r.AmbientOcclusionMipLevelFactor:0.4]]
[2019.12.11-13.28.49:347][  0]LogConfig: Setting CVar [[r.AmbientOcclusionMaxQuality:100]]
[2019.12.11-13.28.49:347][  0]LogConfig: Setting CVar [[r.AmbientOcclusionLevels:-1]]
[2019.12.11-13.28.49:347][  0]LogConfig: Setting CVar [[r.AmbientOcclusionRadiusScale:1.0]]
[2019.12.11-13.28.49:347][  0]LogConfig: Setting CVar [[r.DepthOfFieldQuality:2]]
[2019.12.11-13.28.49:347][  0]LogConfig: Setting CVar [[r.RenderTargetPoolMin:400]]
[2019.12.11-13.28.49:347][  0]LogConfig: Setting CVar [[r.LensFlareQuality:2]]
[2019.12.11-13.28.49:347][  0]LogConfig: Setting CVar [[r.SceneColorFringeQuality:1]]
[2019.12.11-13.28.49:347][  0]LogConfig: Setting CVar [[r.EyeAdaptationQuality:2]]
[2019.12.11-13.28.49:347][  0]LogConfig: Setting CVar [[r.BloomQuality:5]]
[2019.12.11-13.28.49:347][  0]LogConfig: Setting CVar [[r.FastBlurThreshold:100]]
[2019.12.11-13.28.49:347][  0]LogConfig: Setting CVar [[r.Upscale.Quality:3]]
[2019.12.11-13.28.49:347][  0]LogConfig: Setting CVar [[r.Tonemapper.GrainQuantization:1]]
[2019.12.11-13.28.49:347][  0]LogConfig: Setting CVar [[r.LightShaftQuality:1]]
[2019.12.11-13.28.49:347][  0]LogConfig: Setting CVar [[r.Filter.SizeScale:1]]
[2019.12.11-13.28.49:347][  0]LogConfig: Setting CVar [[r.Tonemapper.Quality:5]]
[2019.12.11-13.28.49:347][  0]LogConfig: Setting CVar [[r.DOF.Gather.AccumulatorQuality:1        ; higher gathering accumulator quality]]
[2019.12.11-13.28.49:347][  0]LogConfig: Setting CVar [[r.DOF.Gather.PostfilterMethod:1          ; Median3x3 postfilering method]]
[2019.12.11-13.28.49:347][  0]LogConfig: Setting CVar [[r.DOF.Gather.EnableBokehSettings:0       ; no bokeh simulation when gathering]]
[2019.12.11-13.28.49:347][  0]LogConfig: Setting CVar [[r.DOF.Gather.RingCount:4                 ; medium number of samples when gathering]]
[2019.12.11-13.28.49:347][  0]LogConfig: Setting CVar [[r.DOF.Scatter.ForegroundCompositing:1    ; additive foreground scattering]]
[2019.12.11-13.28.49:347][  0]LogConfig: Setting CVar [[r.DOF.Scatter.BackgroundCompositing:2    ; additive background scattering]]
[2019.12.11-13.28.49:347][  0]LogConfig: Setting CVar [[r.DOF.Scatter.EnableBokehSettings:1      ; bokeh simulation when scattering]]
[2019.12.11-13.28.49:347][  0]LogConfig: Setting CVar [[r.DOF.Scatter.MaxSpriteRatio:0.1         ; only a maximum of 10% of scattered bokeh]]
[2019.12.11-13.28.49:347][  0]LogConfig: Setting CVar [[r.DOF.Recombine.Quality:1                ; cheap slight out of focus]]
[2019.12.11-13.28.49:347][  0]LogConfig: Setting CVar [[r.DOF.Recombine.EnableBokehSettings:0    ; no bokeh simulation on slight out of focus]]
[2019.12.11-13.28.49:347][  0]LogConfig: Setting CVar [[r.DOF.TemporalAAQuality:1                ; more stable temporal accumulation]]
[2019.12.11-13.28.49:347][  0]LogConfig: Setting CVar [[r.DOF.Kernel.MaxForegroundRadius:0.025]]
[2019.12.11-13.28.49:347][  0]LogConfig: Setting CVar [[r.DOF.Kernel.MaxBackgroundRadius:0.025]]
[2019.12.11-13.28.49:347][  0]LogConfig: Applying CVar settings from Section [TextureQuality@3] File [D:/Unreal/TheGraduation/TheGraduation/Saved/Config/Windows/Scalability.ini]
[2019.12.11-13.28.49:347][  0]LogConfig: Setting CVar [[r.Streaming.MipBias:0]]
[2019.12.11-13.28.49:347][  0]LogConfig: Setting CVar [[r.Streaming.AmortizeCPUToGPUCopy:0]]
[2019.12.11-13.28.49:347][  0]LogConfig: Setting CVar [[r.Streaming.MaxNumTexturesToStreamPerFrame:0]]
[2019.12.11-13.28.49:347][  0]LogConfig: Setting CVar [[r.Streaming.Boost:1]]
[2019.12.11-13.28.49:347][  0]LogConfig: Setting CVar [[r.MaxAnisotropy:8]]
[2019.12.11-13.28.49:347][  0]LogConfig: Setting CVar [[r.Streaming.LimitPoolSizeToVRAM:0]]
[2019.12.11-13.28.49:347][  0]LogConfig: Setting CVar [[r.Streaming.PoolSize:1000]]
[2019.12.11-13.28.49:347][  0]LogConfig: Setting CVar [[r.Streaming.MaxEffectiveScreenSize:0]]
[2019.12.11-13.28.49:347][  0]LogConfig: Applying CVar settings from Section [EffectsQuality@3] File [D:/Unreal/TheGraduation/TheGraduation/Saved/Config/Windows/Scalability.ini]
[2019.12.11-13.28.49:347][  0]LogConfig: Setting CVar [[r.TranslucencyLightingVolumeDim:64]]
[2019.12.11-13.28.49:347][  0]LogConfig: Setting CVar [[r.RefractionQuality:2]]
[2019.12.11-13.28.49:347][  0]LogConfig: Setting CVar [[r.SSR.Quality:3]]
[2019.12.11-13.28.49:347][  0]LogConfig: Setting CVar [[r.SceneColorFormat:4]]
[2019.12.11-13.28.49:347][  0]LogConfig: Setting CVar [[r.DetailMode:2]]
[2019.12.11-13.28.49:347][  0]LogConfig: Setting CVar [[r.TranslucencyVolumeBlur:1]]
[2019.12.11-13.28.49:347][  0]LogConfig: Setting CVar [[r.MaterialQualityLevel:1 ; High quality]]
[2019.12.11-13.28.49:347][  0]LogConfig: Setting CVar [[r.SSS.Scale:1]]
[2019.12.11-13.28.49:347][  0]LogConfig: Setting CVar [[r.SSS.SampleSet:2]]
[2019.12.11-13.28.49:347][  0]LogConfig: Setting CVar [[r.SSS.Quality:1]]
[2019.12.11-13.28.49:347][  0]LogConfig: Setting CVar [[r.SSS.HalfRes:1]]
[2019.12.11-13.28.49:347][  0]LogConfig: Setting CVar [[r.EmitterSpawnRateScale:1.0]]
[2019.12.11-13.28.49:347][  0]LogConfig: Setting CVar [[r.ParticleLightQuality:2]]
[2019.12.11-13.28.49:347][  0]LogConfig: Applying CVar settings from Section [FoliageQuality@3] File [D:/Unreal/TheGraduation/TheGraduation/Saved/Config/Windows/Scalability.ini]
[2019.12.11-13.28.49:347][  0]LogConfig: Setting CVar [[foliage.DensityScale:1.0]]
[2019.12.11-13.28.49:347][  0]LogConfig: Setting CVar [[grass.DensityScale:1.0]]
[2019.12.11-13.28.49:347][  0]LogInit: Selected Device Profile: [Windows]
[2019.12.11-13.28.49:347][  0]LogInit: Applying CVar settings loaded from the selected device profile: [Windows]
[2019.12.11-13.28.49:350][  0]LogHAL: Display: Platform has ~ 16 GB [17095249920 / 17179869184 / 16], which maps to Larger [LargestMinGB=32, LargerMinGB=12, DefaultMinGB=8, SmallerMinGB=6, SmallestMinGB=0)
[2019.12.11-13.28.49:350][  0]LogInit: Going up to parent DeviceProfile []
[2019.12.11-13.28.49:350][  0]LogConfig: Applying CVar settings from Section [ViewDistanceQuality@2] File [D:/Unreal/TheGraduation/TheGraduation/Saved/Config/Windows/Scalability.ini]
[2019.12.11-13.28.49:350][  0]LogConfig: Setting CVar [[r.SkeletalMeshLODBias:0]]
[2019.12.11-13.28.49:350][  0]LogConfig: Setting CVar [[r.ViewDistanceScale:0.8]]
[2019.12.11-13.28.49:350][  0]LogConfig: Applying CVar settings from Section [AntiAliasingQuality@3] File [D:/Unreal/TheGraduation/TheGraduation/Saved/Config/Windows/Scalability.ini]
[2019.12.11-13.28.49:350][  0]LogConfig: Setting CVar [[r.PostProcessAAQuality:4]]
[2019.12.11-13.28.49:350][  0]LogConfig: Applying CVar settings from Section [ShadowQuality@2] File [D:/Unreal/TheGraduation/TheGraduation/Saved/Config/Windows/Scalability.ini]
[2019.12.11-13.28.49:350][  0]LogConfig: Setting CVar [[r.LightFunctionQuality:1]]
[2019.12.11-13.28.49:350][  0]LogConfig: Setting CVar [[r.ShadowQuality:5]]
[2019.12.11-13.28.49:350][  0]LogConfig: Setting CVar [[r.Shadow.CSM.MaxCascades:4]]
[2019.12.11-13.28.49:350][  0]LogConfig: Setting CVar [[r.Shadow.MaxResolution:1024]]
[2019.12.11-13.28.49:350][  0]LogConfig: Setting CVar [[r.Shadow.MaxCSMResolution:2048]]
[2019.12.11-13.28.49:350][  0]LogConfig: Setting CVar [[r.Shadow.RadiusThreshold:0.04]]
[2019.12.11-13.28.49:350][  0]LogConfig: Setting CVar [[r.Shadow.DistanceScale:0.85]]
[2019.12.11-13.28.49:350][  0]LogConfig: Setting CVar [[r.Shadow.CSM.TransitionScale:0.8]]
[2019.12.11-13.28.49:350][  0]LogConfig: Setting CVar [[r.Shadow.PreShadowResolutionFactor:0.5]]
[2019.12.11-13.28.49:350][  0]LogConfig: Setting CVar [[r.DistanceFieldShadowing:1]]
[2019.12.11-13.28.49:350][  0]LogConfig: Setting CVar [[r.DistanceFieldAO:1]]
[2019.12.11-13.28.49:350][  0]LogConfig: Setting CVar [[r.AOQuality:1]]
[2019.12.11-13.28.49:350][  0]LogConfig: Setting CVar [[r.VolumetricFog:1]]
[2019.12.11-13.28.49:350][  0]LogConfig: Setting CVar [[r.VolumetricFog.GridPixelSize:16]]
[2019.12.11-13.28.49:350][  0]LogConfig: Setting CVar [[r.VolumetricFog.GridSizeZ:64]]
[2019.12.11-13.28.49:350][  0]LogConfig: Setting CVar [[r.VolumetricFog.HistoryMissSupersampleCount:4]]
[2019.12.11-13.28.49:350][  0]LogConfig: Setting CVar [[r.LightMaxDrawDistanceScale:1]]
[2019.12.11-13.28.49:350][  0]LogConfig: Setting CVar [[r.CapsuleShadows:1]]
[2019.12.11-13.28.49:350][  0]LogConfig: Applying CVar settings from Section [PostProcessQuality@3] File [D:/Unreal/TheGraduation/TheGraduation/Saved/Config/Windows/Scalability.ini]
[2019.12.11-13.28.49:350][  0]LogConfig: Setting CVar [[r.MotionBlurQuality:4]]
[2019.12.11-13.28.49:350][  0]LogConfig: Setting CVar [[r.AmbientOcclusionMipLevelFactor:0.4]]
[2019.12.11-13.28.49:350][  0]LogConfig: Setting CVar [[r.AmbientOcclusionMaxQuality:100]]
[2019.12.11-13.28.49:350][  0]LogConfig: Setting CVar [[r.AmbientOcclusionLevels:-1]]
[2019.12.11-13.28.49:350][  0]LogConfig: Setting CVar [[r.AmbientOcclusionRadiusScale:1.0]]
[2019.12.11-13.28.49:350][  0]LogConfig: Setting CVar [[r.DepthOfFieldQuality:2]]
[2019.12.11-13.28.49:350][  0]LogConfig: Setting CVar [[r.RenderTargetPoolMin:400]]
[2019.12.11-13.28.49:350][  0]LogConfig: Setting CVar [[r.LensFlareQuality:2]]
[2019.12.11-13.28.49:350][  0]LogConfig: Setting CVar [[r.SceneColorFringeQuality:1]]
[2019.12.11-13.28.49:350][  0]LogConfig: Setting CVar [[r.EyeAdaptationQuality:2]]
[2019.12.11-13.28.49:350][  0]LogConfig: Setting CVar [[r.BloomQuality:5]]
[2019.12.11-13.28.49:350][  0]LogConfig: Setting CVar [[r.FastBlurThreshold:100]]
[2019.12.11-13.28.49:350][  0]LogConfig: Setting CVar [[r.Upscale.Quality:3]]
[2019.12.11-13.28.49:350][  0]LogConfig: Setting CVar [[r.Tonemapper.GrainQuantization:1]]
[2019.12.11-13.28.49:350][  0]LogConfig: Setting CVar [[r.LightShaftQuality:1]]
[2019.12.11-13.28.49:350][  0]LogConfig: Setting CVar [[r.Filter.SizeScale:1]]
[2019.12.11-13.28.49:350][  0]LogConfig: Setting CVar [[r.Tonemapper.Quality:5]]
[2019.12.11-13.28.49:350][  0]LogConfig: Setting CVar [[r.DOF.Gather.AccumulatorQuality:1        ; higher gathering accumulator quality]]
[2019.12.11-13.28.49:350][  0]LogConfig: Setting CVar [[r.DOF.Gather.PostfilterMethod:1          ; Median3x3 postfilering method]]
[2019.12.11-13.28.49:350][  0]LogConfig: Setting CVar [[r.DOF.Gather.EnableBokehSettings:0       ; no bokeh simulation when gathering]]
[2019.12.11-13.28.49:350][  0]LogConfig: Setting CVar [[r.DOF.Gather.RingCount:4                 ; medium number of samples when gathering]]
[2019.12.11-13.28.49:350][  0]LogConfig: Setting CVar [[r.DOF.Scatter.ForegroundCompositing:1    ; additive foreground scattering]]
[2019.12.11-13.28.49:350][  0]LogConfig: Setting CVar [[r.DOF.Scatter.BackgroundCompositing:2    ; additive background scattering]]
[2019.12.11-13.28.49:350][  0]LogConfig: Setting CVar [[r.DOF.Scatter.EnableBokehSettings:1      ; bokeh simulation when scattering]]
[2019.12.11-13.28.49:350][  0]LogConfig: Setting CVar [[r.DOF.Scatter.MaxSpriteRatio:0.1         ; only a maximum of 10% of scattered bokeh]]
[2019.12.11-13.28.49:350][  0]LogConfig: Setting CVar [[r.DOF.Recombine.Quality:1                ; cheap slight out of focus]]
[2019.12.11-13.28.49:350][  0]LogConfig: Setting CVar [[r.DOF.Recombine.EnableBokehSettings:0    ; no bokeh simulation on slight out of focus]]
[2019.12.11-13.28.49:350][  0]LogConfig: Setting CVar [[r.DOF.TemporalAAQuality:1                ; more stable temporal accumulation]]
[2019.12.11-13.28.49:350][  0]LogConfig: Setting CVar [[r.DOF.Kernel.MaxForegroundRadius:0.025]]
[2019.12.11-13.28.49:350][  0]LogConfig: Setting CVar [[r.DOF.Kernel.MaxBackgroundRadius:0.025]]
[2019.12.11-13.28.49:350][  0]LogConfig: Applying CVar settings from Section [TextureQuality@3] File [D:/Unreal/TheGraduation/TheGraduation/Saved/Config/Windows/Scalability.ini]
[2019.12.11-13.28.49:350][  0]LogConfig: Setting CVar [[r.Streaming.MipBias:0]]
[2019.12.11-13.28.49:350][  0]LogConfig: Setting CVar [[r.Streaming.AmortizeCPUToGPUCopy:0]]
[2019.12.11-13.28.49:350][  0]LogConfig: Setting CVar [[r.Streaming.MaxNumTexturesToStreamPerFrame:0]]
[2019.12.11-13.28.49:351][  0]LogConfig: Setting CVar [[r.Streaming.Boost:1]]
[2019.12.11-13.28.49:351][  0]LogConfig: Setting CVar [[r.MaxAnisotropy:8]]
[2019.12.11-13.28.49:351][  0]LogConfig: Setting CVar [[r.Streaming.LimitPoolSizeToVRAM:0]]
[2019.12.11-13.28.49:351][  0]LogConfig: Setting CVar [[r.Streaming.PoolSize:1000]]
[2019.12.11-13.28.49:351][  0]LogConfig: Setting CVar [[r.Streaming.MaxEffectiveScreenSize:0]]
[2019.12.11-13.28.49:351][  0]LogConfig: Applying CVar settings from Section [EffectsQuality@2] File [D:/Unreal/TheGraduation/TheGraduation/Saved/Config/Windows/Scalability.ini]
[2019.12.11-13.28.49:351][  0]LogConfig: Setting CVar [[r.TranslucencyLightingVolumeDim:48]]
[2019.12.11-13.28.49:351][  0]LogConfig: Setting CVar [[r.RefractionQuality:2]]
[2019.12.11-13.28.49:351][  0]LogConfig: Setting CVar [[r.SSR.Quality:2]]
[2019.12.11-13.28.49:351][  0]LogConfig: Setting CVar [[r.SceneColorFormat:3]]
[2019.12.11-13.28.49:351][  0]LogConfig: Setting CVar [[r.DetailMode:1]]
[2019.12.11-13.28.49:351][  0]LogConfig: Setting CVar [[r.TranslucencyVolumeBlur:1]]
[2019.12.11-13.28.49:351][  0]LogConfig: Setting CVar [[r.MaterialQualityLevel:1 ; High quality]]
[2019.12.11-13.28.49:351][  0]LogConfig: Setting CVar [[r.SSS.Scale:1]]
[2019.12.11-13.28.49:351][  0]LogConfig: Setting CVar [[r.SSS.SampleSet:1]]
[2019.12.11-13.28.49:351][  0]LogConfig: Setting CVar [[r.SSS.Quality:-1]]
[2019.12.11-13.28.49:351][  0]LogConfig: Setting CVar [[r.SSS.HalfRes:1]]
[2019.12.11-13.28.49:351][  0]LogConfig: Setting CVar [[r.EmitterSpawnRateScale:0.5]]
[2019.12.11-13.28.49:351][  0]LogConfig: Setting CVar [[r.ParticleLightQuality:1]]
[2019.12.11-13.28.49:351][  0]LogConfig: Applying CVar settings from Section [FoliageQuality@3] File [D:/Unreal/TheGraduation/TheGraduation/Saved/Config/Windows/Scalability.ini]
[2019.12.11-13.28.49:351][  0]LogConfig: Setting CVar [[foliage.DensityScale:1.0]]
[2019.12.11-13.28.49:351][  0]LogConfig: Setting CVar [[grass.DensityScale:1.0]]
[2019.12.11-13.28.49:351][  0]LogConfig: Applying CVar settings from Section [Startup] File [../../../Engine/Config/ConsoleVariables.ini]
[2019.12.11-13.28.49:351][  0]LogConfig: Setting CVar [[net.UseAdaptiveNetUpdateFrequency:0]]
[2019.12.11-13.28.49:351][  0]LogConfig: Setting CVar [[p.chaos.AllowCreatePhysxBodies:1]]
[2019.12.11-13.28.49:351][  0]LogConfig: Applying CVar settings from Section [ConsoleVariables] File [D:/Unreal/TheGraduation/TheGraduation/Saved/Config/Windows/Engine.ini]
[2019.12.11-13.28.49:351][  0]LogInit: Computer: 516-147001-LP
[2019.12.11-13.28.49:351][  0]LogInit: User: 430009
[2019.12.11-13.28.49:351][  0]LogInit: CPU Page size=4096, Cores=6
[2019.12.11-13.28.49:351][  0]LogInit: High frequency timer resolution =10.000000 MHz
[2019.12.11-13.28.49:351][  0]LogMemory: Memory total: Physical=15.9GB (16GB approx)
[2019.12.11-13.28.49:351][  0]LogMemory: Platform Memory Stats for Windows
[2019.12.11-13.28.49:352][  0]LogMemory: Process Physical Memory: 102.44 MB used, 102.44 MB peak
[2019.12.11-13.28.49:352][  0]LogMemory: Process Virtual Memory: 101.90 MB used, 101.90 MB peak
[2019.12.11-13.28.49:352][  0]LogMemory: Physical Memory: 5851.50 MB used,  10451.80 MB free, 16303.30 MB total
[2019.12.11-13.28.49:352][  0]LogMemory: Virtual Memory: 4687.26 MB used,  134213040.00 MB free, 134217728.00 MB total
[2019.12.11-13.28.49:354][  0]LogWindows: WindowsPlatformFeatures enabled
[2019.12.11-13.28.49:386][  0]LogInit: Using OS detected language (en-US).
[2019.12.11-13.28.49:386][  0]LogInit: Using OS detected locale (en-US).
[2019.12.11-13.28.49:386][  0]LogTextLocalizationManager: No specific localization for 'en-US' exists, so the 'en' localization will be used.
[2019.12.11-13.28.49:595][  0]LogInit: Setting process to per monitor DPI aware
[2019.12.11-13.28.49:639][  0]LogSlate: New Slate User Created.  User Index 0, Is Virtual User: 0
[2019.12.11-13.28.49:639][  0]LogSlate: Slate User Registered.  User Index 0, Is Virtual User: 0
[2019.12.11-13.28.49:879][  0]LogHMD: Failed to initialize OpenVR with code 110
[2019.12.11-13.28.49:879][  0]LogD3D11RHI: D3D11 adapters:
[2019.12.11-13.28.49:953][  0]LogD3D11RHI:    0. 'NVIDIA GeForce RTX 2070 with Max-Q Design' (Feature Level 11_0)
[2019.12.11-13.28.49:953][  0]LogD3D11RHI:       8031/0/8151 MB DedicatedVideo/DedicatedSystem/SharedSystem, Outputs:1, VendorId:0x10de
[2019.12.11-13.28.49:957][  0]LogD3D11RHI:    1. 'Microsoft Basic Render Driver' (Feature Level 11_0)
[2019.12.11-13.28.49:957][  0]LogD3D11RHI:       0/0/8151 MB DedicatedVideo/DedicatedSystem/SharedSystem, Outputs:0, VendorId:0x1414
[2019.12.11-13.28.49:957][  0]LogD3D11RHI: Chosen D3D11 Adapter: 0
[2019.12.11-13.28.49:974][  0]LogD3D11RHI: Creating new Direct3DDevice
[2019.12.11-13.28.49:974][  0]LogD3D11RHI:     GPU DeviceId: 0x1f50 (for the marketing name, search the web for "GPU Device Id")
[2019.12.11-13.28.49:974][  0]LogWindows: EnumDisplayDevices:
[2019.12.11-13.28.49:974][  0]LogWindows:    0. 'NVIDIA GeForce RTX 2070 with Max-Q Design' (P:1 D:1)
[2019.12.11-13.28.49:975][  0]LogWindows:    1. 'NVIDIA GeForce RTX 2070 with Max-Q Design' (P:0 D:0)
[2019.12.11-13.28.49:975][  0]LogWindows:    2. 'NVIDIA GeForce RTX 2070 with Max-Q Design' (P:0 D:0)
[2019.12.11-13.28.49:975][  0]LogWindows:    3. 'NVIDIA GeForce RTX 2070 with Max-Q Design' (P:0 D:0)
[2019.12.11-13.28.49:975][  0]LogWindows: DebugString: FoundDriverCount:4 
[2019.12.11-13.28.49:975][  0]LogD3D11RHI:     Adapter Name: NVIDIA GeForce RTX 2070 with Max-Q Design
[2019.12.11-13.28.49:975][  0]LogD3D11RHI:   Driver Version: 431.65 (internal:26.21.14.3165, unified:431.65)
[2019.12.11-13.28.49:975][  0]LogD3D11RHI:      Driver Date: 7-22-2019
[2019.12.11-13.28.49:975][  0]LogRHI: Texture pool is 5621 MB (70% of 8031 MB)
[2019.12.11-13.28.50:016][  0]LogD3D11RHI: Async texture creation enabled
[2019.12.11-13.28.50:033][  0]LogD3D11RHI: GPU Timing Frequency: 1000.000000 (Debug: 2 2)
[2019.12.11-13.28.50:076][  0]LogD3D11RHI: HDR output is supported on display 0 (NvId: 0x80061086).
[2019.12.11-13.28.50:409][  0]LogTemp: Display: Module 'AllDesktopTargetPlatform' loaded TargetPlatform 'AllDesktop'
[2019.12.11-13.28.50:418][  0]LogTemp: Display: Module 'MacClientTargetPlatform' loaded TargetPlatform 'MacClient'
[2019.12.11-13.28.50:427][  0]LogTemp: Display: Module 'MacNoEditorTargetPlatform' loaded TargetPlatform 'MacNoEditor'
[2019.12.11-13.28.50:434][  0]LogTemp: Display: Module 'MacServerTargetPlatform' loaded TargetPlatform 'MacServer'
[2019.12.11-13.28.50:443][  0]LogTemp: Display: Module 'MacTargetPlatform' loaded TargetPlatform 'Mac'
[2019.12.11-13.28.50:451][  0]LogTemp: Display: Module 'WindowsClientTargetPlatform' loaded TargetPlatform 'WindowsClient'
[2019.12.11-13.28.50:459][  0]LogTemp: Display: Module 'WindowsNoEditorTargetPlatform' loaded TargetPlatform 'WindowsNoEditor'
[2019.12.11-13.28.50:467][  0]LogTemp: Display: Module 'WindowsServerTargetPlatform' loaded TargetPlatform 'WindowsServer'
[2019.12.11-13.28.50:472][  0]LogTemp: Display: Module 'WindowsTargetPlatform' loaded TargetPlatform 'Windows'
[2019.12.11-13.28.50:501][  0]LogTemp: Display: Module 'AndroidTargetPlatform' loaded TargetPlatform 'Android'
[2019.12.11-13.28.50:501][  0]LogTemp: Display: Module 'AndroidTargetPlatform' loaded TargetPlatform 'Android_ASTC'
[2019.12.11-13.28.50:501][  0]LogTemp: Display: Module 'AndroidTargetPlatform' loaded TargetPlatform 'Android_ATC'
[2019.12.11-13.28.50:501][  0]LogTemp: Display: Module 'AndroidTargetPlatform' loaded TargetPlatform 'Android_DXT'
[2019.12.11-13.28.50:501][  0]LogTemp: Display: Module 'AndroidTargetPlatform' loaded TargetPlatform 'Android_ETC1'
[2019.12.11-13.28.50:501][  0]LogTemp: Display: Module 'AndroidTargetPlatform' loaded TargetPlatform 'Android_ETC1a'
[2019.12.11-13.28.50:501][  0]LogTemp: Display: Module 'AndroidTargetPlatform' loaded TargetPlatform 'Android_ETC2'
[2019.12.11-13.28.50:501][  0]LogTemp: Display: Module 'AndroidTargetPlatform' loaded TargetPlatform 'Android_PVRTC'
[2019.12.11-13.28.50:501][  0]LogTemp: Display: Module 'AndroidTargetPlatform' loaded TargetPlatform 'AndroidClient'
[2019.12.11-13.28.50:501][  0]LogTemp: Display: Module 'AndroidTargetPlatform' loaded TargetPlatform 'Android_ASTCClient'
[2019.12.11-13.28.50:501][  0]LogTemp: Display: Module 'AndroidTargetPlatform' loaded TargetPlatform 'Android_ATCClient'
[2019.12.11-13.28.50:501][  0]LogTemp: Display: Module 'AndroidTargetPlatform' loaded TargetPlatform 'Android_DXTClient'
[2019.12.11-13.28.50:501][  0]LogTemp: Display: Module 'AndroidTargetPlatform' loaded TargetPlatform 'Android_ETC1Client'
[2019.12.11-13.28.50:501][  0]LogTemp: Display: Module 'AndroidTargetPlatform' loaded TargetPlatform 'Android_ETC1aClient'
[2019.12.11-13.28.50:501][  0]LogTemp: Display: Module 'AndroidTargetPlatform' loaded TargetPlatform 'Android_ETC2Client'
[2019.12.11-13.28.50:501][  0]LogTemp: Display: Module 'AndroidTargetPlatform' loaded TargetPlatform 'Android_PVRTCClient'
[2019.12.11-13.28.50:501][  0]LogTemp: Display: Module 'AndroidTargetPlatform' loaded TargetPlatform 'Android_Multi'
[2019.12.11-13.28.50:501][  0]LogTemp: Display: Module 'AndroidTargetPlatform' loaded TargetPlatform 'Android_MultiClient'
[2019.12.11-13.28.50:503][  0]LogTemp: Display: Module 'HTML5TargetPlatform' loaded TargetPlatform 'HTML5'
[2019.12.11-13.28.50:520][  0]LogTemp: Display: Module 'IOSTargetPlatform' loaded TargetPlatform 'IOSClient'
[2019.12.11-13.28.50:520][  0]LogTemp: Display: Module 'IOSTargetPlatform' loaded TargetPlatform 'IOS'
[2019.12.11-13.28.50:531][  0]LogTemp: Display: Module 'TVOSTargetPlatform' loaded TargetPlatform 'TVOSClient'
[2019.12.11-13.28.50:532][  0]LogTemp: Display: Module 'TVOSTargetPlatform' loaded TargetPlatform 'TVOS'
[2019.12.11-13.28.50:538][  0]LogTemp: Display: Module 'LinuxClientTargetPlatform' loaded TargetPlatform 'LinuxClient'
[2019.12.11-13.28.50:544][  0]LogTemp: Display: Module 'LinuxNoEditorTargetPlatform' loaded TargetPlatform 'LinuxNoEditor'
[2019.12.11-13.28.50:551][  0]LogTemp: Display: Module 'LinuxServerTargetPlatform' loaded TargetPlatform 'LinuxServer'
[2019.12.11-13.28.50:558][  0]LogTemp: Display: Module 'LinuxTargetPlatform' loaded TargetPlatform 'Linux'
[2019.12.11-13.28.50:578][  0]LogTemp: Display: Module 'LuminTargetPlatform' loaded TargetPlatform 'Lumin'
[2019.12.11-13.28.50:578][  0]LogTemp: Display: Module 'LuminTargetPlatform' loaded TargetPlatform 'LuminClient'
[2019.12.11-13.28.50:578][  0]LogTargetPlatformManager: Display: Building Assets For Windows
[2019.12.11-13.28.50:588][  0]LogAudioDebug: Display: Lib vorbis DLL was dynamically loaded.
[2019.12.11-13.28.50:649][  0]LogShaderCompilers: Guid format shader working directory is -18 characters bigger than the processId version (D:/Unreal/TheGraduation/TheGraduation/Intermediate/Shaders/WorkingDirectory/55536/).
[2019.12.11-13.28.50:649][  0]LogShaderCompilers: Cleaned the shader compiler working directory 'C:/Temp/UnrealShaderWorkingDir/1E15CCA14624E600A5608D9D91034FE4/'.
[2019.12.11-13.28.50:652][  0]LogXGEController: Cleaning working directory: C:/Temp/UnrealXGEWorkingDir/
[2019.12.11-13.28.50:652][  0]LogXGEController: Cannot use XGE Controller as Incredibuild is not installed on this machine.
[2019.12.11-13.28.50:652][  0]LogShaderCompilers: Cannot use XGE Shader Compiler as Incredibuild is not installed on this machine.
[2019.12.11-13.28.50:652][  0]LogShaderCompilers: Display: Using Local Shader Compiler.
[2019.12.11-13.28.51:257][  0]LogDerivedDataCache: Display: Max Cache Size: 512 MB
[2019.12.11-13.28.51:324][  0]LogDerivedDataCache: Loaded boot cache 0.07s 74MB C:/Users/430009/AppData/Local/UnrealEngine/4.23/DerivedDataCache/Boot.ddc.
[2019.12.11-13.28.51:324][  0]LogDerivedDataCache: Display: Loaded Boot cache: C:/Users/430009/AppData/Local/UnrealEngine/4.23/DerivedDataCache/Boot.ddc
[2019.12.11-13.28.51:324][  0]LogDerivedDataCache: FDerivedDataBackendGraph:  Pak pak cache file D:/Unreal/TheGraduation/TheGraduation/DerivedDataCache/DDC.ddp not found, will not use a pak cache.
[2019.12.11-13.28.51:324][  0]LogDerivedDataCache: Unable to find inner node Pak for hierarchical cache Hierarchy.
[2019.12.11-13.28.51:324][  0]LogDerivedDataCache: FDerivedDataBackendGraph:  CompressedPak pak cache file D:/Unreal/TheGraduation/TheGraduation/DerivedDataCache/Compressed.ddp not found, will not use a pak cache.
[2019.12.11-13.28.51:324][  0]LogDerivedDataCache: Unable to find inner node CompressedPak for hierarchical cache Hierarchy.
[2019.12.11-13.28.51:334][  0]LogDerivedDataCache: Display: Pak cache opened for reading ../../../Engine/DerivedDataCache/Compressed.ddp.
[2019.12.11-13.28.51:336][  0]LogDerivedDataCache: Display: Pak cache opened for reading ../../../Enterprise/DerivedDataCache/Compressed.ddp.
[2019.12.11-13.28.51:337][  0]LogDerivedDataCache: Using Local data cache path C:/Users/430009/AppData/Local/UnrealEngine/Common/DerivedDataCache: Writable
[2019.12.11-13.28.51:337][  0]LogDerivedDataCache: Shared data cache path not found in *engine.ini, will not use an Shared cache.
[2019.12.11-13.28.51:337][  0]LogDerivedDataCache: Unable to find inner node Shared for hierarchical cache Hierarchy.
[2019.12.11-13.28.51:354][  0]LogMaterial: Verifying Global Shaders for PCD3D_SM5
[2019.12.11-13.28.51:356][  0]LogSlate: Using FreeType 2.6.0
[2019.12.11-13.28.51:357][  0]LogSlate: SlateFontServices - WITH_FREETYPE: 1, WITH_HARFBUZZ: 1
[2019.12.11-13.28.51:453][  0]LogAssetRegistry: FAssetRegistry took 0.0020 seconds to start up
[2019.12.11-13.28.51:674][  0]LogInit: Selected Device Profile: [Windows]
[2019.12.11-13.28.51:814][  0]LogMeshReduction: Using QuadricMeshReduction for automatic static mesh reduction
[2019.12.11-13.28.51:814][  0]LogMeshReduction: Using SimplygonMeshReduction for automatic skeletal mesh reduction
[2019.12.11-13.28.51:814][  0]LogMeshReduction: Using ProxyLODMeshReduction for automatic mesh merging
[2019.12.11-13.28.51:814][  0]LogMeshReduction: No distributed automatic mesh merging module available
[2019.12.11-13.28.51:814][  0]LogMeshMerging: No distributed automatic mesh merging module available
[2019.12.11-13.28.51:822][  0]LogNetVersion: TheGraduation 1.0.0, NetCL: 8386587, EngineNetVer: 11, GameNetVer: 0 (Checksum: 998603575)
[2019.12.11-13.28.52:175][  0]LogPackageLocalizationCache: Processed 18 localized package path(s) for 1 prioritized culture(s) in 0.053998 seconds
[2019.12.11-13.28.52:181][  0]LogUObjectArray: 43444 objects as part of root set at end of initial load.
[2019.12.11-13.28.52:181][  0]LogUObjectAllocator: 7548648 out of 0 bytes used by permanent object pool.
[2019.12.11-13.28.52:181][  0]LogUObjectArray: CloseDisregardForGC: 0/0 objects in disregard for GC pool
[2019.12.11-13.28.53:436][  0]LogTcpMessaging: Initializing TcpMessaging bridge
[2019.12.11-13.28.53:440][  0]LogUdpMessaging: Initializing bridge on interface 0.0.0.0:0 to multicast group 230.0.0.1:6666.
[2019.12.11-13.28.53:499][  0]SourceControl: Source control is disabled
[2019.12.11-13.28.53:499][  0]LogWindows: Warning: CreateProc failed: The system cannot find the file specified. (0x00000002)
[2019.12.11-13.28.53:499][  0]LogWindows: Warning: URL: C:/Program Files/Git/bin/git.exe version
[2019.12.11-13.28.53:499][  0]LogWindows: Warning: CreateProc failed: The system cannot find the file specified. (0x00000002)
[2019.12.11-13.28.53:499][  0]LogWindows: Warning: URL: C:/Program Files (x86)/Git/bin/git.exe version
[2019.12.11-13.28.54:427][  0]LogAndroidPermission: UAndroidPermissionCallbackProxy::GetInstance
[2019.12.11-13.28.54:511][  0]LogOcInput: OculusInput pre-init called
[2019.12.11-13.28.54:518][  0]LogWindows: Failed to load 'OVRPlugin.dll' (GetLastError=126)
[2019.12.11-13.28.54:519][  0]LogWindows: File 'OVRPlugin.dll' does not exist
[2019.12.11-13.28.56:520][  0]LogEngine: Initializing Engine...
[2019.12.11-13.28.56:521][  0]LogHMD: Failed to initialize OpenVR with code 110
[2019.12.11-13.28.56:522][  0]LogStats: UGameplayTagsManager::InitializeManager -  0.000 s
[2019.12.11-13.28.56:707][  0]LogInit: Initializing FReadOnlyCVARCache
[2019.12.11-13.28.56:724][  0]LogAIModule: Creating AISystem for world Untitled
[2019.12.11-13.28.56:736][  0]LogInit: XAudio2 using 'Speakers (Realtek(R) Audio)' : 2 channels at 48 kHz using 32 bits per sample (channel mask 0x3)
[2019.12.11-13.28.56:781][  0]LogInit: FAudioDevice initialized.
[2019.12.11-13.28.56:781][  0]LogNetVersion: Set ProjectVersion to 1.0.0.0. Version Checksum will be recalculated on next use.
[2019.12.11-13.28.56:846][  0]LogDerivedDataCache: Saved boot cache 0.06s 74MB C:/Users/430009/AppData/Local/UnrealEngine/4.23/DerivedDataCache/Boot.ddc.
[2019.12.11-13.28.56:848][  0]LogInit: Texture streaming: Enabled
[2019.12.11-13.28.56:876][  0]LogEngineSessionManager: EngineSessionManager initialized
[2019.12.11-13.28.56:876][  0]LogEditorSessionSummary: Verbose: Initializing EditorSessionSummaryWriter for editor session tracking
[2019.12.11-13.28.56:879][  0]LogEditorSessionSummary: EditorSessionSummaryWriter initialized
[2019.12.11-13.28.56:940][  0]LogInit: Transaction tracking system initialized
[2019.12.11-13.28.56:985][  0]BlueprintLog: New page: Editor Load
[2019.12.11-13.28.57:096][  0]LocalizationService: Localization service is disabled
[2019.12.11-13.28.57:158][  0]LogLinker: Warning: Failed to load '/Game/VehicleBP/VehicleOverview': Can't find file.
[2019.12.11-13.28.57:159][  0]LogLinker: Warning: Failed to load '/Game/VehicleBP/VehicleOverview': Can't find file.
[2019.12.11-13.28.57:159][  0]LogUObjectGlobals: Warning: Failed to find object 'Class /Game/VehicleBP/VehicleOverview.VehicleOverview_C'
[2019.12.11-13.28.57:333][  0]LogCook: Display: Max memory allowance for cook 16384mb min free memory 0mb
[2019.12.11-13.28.57:333][  0]LogCook: Display: Mobile HDR setting 1
[2019.12.11-13.28.57:616][  0]LogFileCache: Scanning file cache for directory 'D:/Unreal/TheGraduation/TheGraduation/Content/' took 0.02s
[2019.12.11-13.28.58:693][  0]Cmd: MAP LOAD FILE="D:/Unreal/TheGraduation/TheGraduation/Content/ThirdPersonBP/Maps/ThirdPersonExampleMap.umap" TEMPLATE=0 SHOWPROGRESS=1 FEATURELEVEL=3
[2019.12.11-13.28.58:694][  0]LightingResults: New page: Lighting Build
[2019.12.11-13.28.58:697][  0]LogWorld: UWorld::CleanupWorld for Untitled, bSessionEnded=true, bCleanupResources=true
[2019.12.11-13.28.58:697][  0]MapCheck: New page: Map Check
[2019.12.11-13.28.58:697][  0]LightingResults: New page: Lighting Build
[2019.12.11-13.28.58:725][  0]LogUObjectHash: Compacting FUObjectHashTables data took   1.50ms
[2019.12.11-13.28.59:256][  0]LogAIModule: Creating AISystem for world ThirdPersonExampleMap
[2019.12.11-13.28.59:262][  0]LogEditorServer: Finished looking for orphan Actors (0.000 secs)
[2019.12.11-13.28.59:289][  0]LogUObjectHash: Compacting FUObjectHashTables data took   1.82ms
[2019.12.11-13.28.59:289][  0]Cmd: MAP CHECKDEP NOCLEARLOG
[2019.12.11-13.28.59:289][  0]MapCheck: Map check complete: 0 Error(s), 0 Warning(s), took 0.078ms to complete.
[2019.12.11-13.28.59:289][  0]LogFileHelpers: Loading map 'ThirdPersonExampleMap' took 0.597
[2019.12.11-13.28.59:400][  0]LogSlate: Updating window title bar state: overlay mode, drag disabled, window buttons hidden, title bar hidden
[2019.12.11-13.28.59:408][  0]LogSlate: Updating window title bar state: overlay mode, drag disabled, window buttons hidden, title bar hidden
[2019.12.11-13.28.59:414][  0]LogSlate: Updating window title bar state: overlay mode, drag disabled, window buttons hidden, title bar hidden
[2019.12.11-13.28.59:424][  0]LogSlate: Updating window title bar state: overlay mode, drag disabled, window buttons hidden, title bar hidden
[2019.12.11-13.28.59:434][  0]LogCollectionManager: Loaded 0 collections in 0.001690 seconds
[2019.12.11-13.28.59:440][  0]LogFileCache: Scanning file cache for directory 'D:/Unreal/TheGraduation/TheGraduation/Saved/Collections/' took 0.00s
[2019.12.11-13.28.59:440][  0]LogFileCache: Scanning file cache for directory 'D:/Unreal/TheGraduation/TheGraduation/Content/Developers/430009/Collections/' took 0.00s
[2019.12.11-13.28.59:441][  0]LogFileCache: Scanning file cache for directory 'D:/Unreal/TheGraduation/TheGraduation/Content/Collections/' took 0.00s
[2019.12.11-13.28.59:441][  0]LogCollectionManager: Rebuilt the GUID cache for 0 collections in 0.000002 seconds
[2019.12.11-13.28.59:452][  0]LogContentBrowser: Native class hierarchy populated in 0.0110 seconds. Added 3045 classes and 765 folders.
[2019.12.11-13.28.59:461][  0]LogContentBrowser: Native class hierarchy updated for 'WidgetCarousel' in 0.0002 seconds. Added 0 classes and 0 folders.
[2019.12.11-13.28.59:564][  0]LogContentBrowser: Native class hierarchy updated for 'AddContentDialog' in 0.0002 seconds. Added 0 classes and 0 folders.
[2019.12.11-13.28.59:575][  0]LogContentBrowser: Native class hierarchy updated for 'SceneOutliner' in 0.0002 seconds. Added 1 classes and 0 folders.
[2019.12.11-13.28.59:635][  0]LogSlate: Took 0.000623 seconds to synchronously load lazily loaded font '../../../Engine/Content/Slate/Fonts/Roboto-Regular.ttf' (155K)
[2019.12.11-13.28.59:638][  0]LogSlate: Took 0.000690 seconds to synchronously load lazily loaded font '../../../Engine/Content/Slate/Fonts/Roboto-Bold.ttf' (160K)
[2019.12.11-13.28.59:644][  0]LogSlate: Took 0.000696 seconds to synchronously load lazily loaded font '../../../Engine/Content/Editor/Slate/Fonts/FontAwesome.ttf' (139K)
[2019.12.11-13.28.59:706][  0]LogRenderer: Reallocating scene render targets to support 916x340 Format 9 NumSamples 1 (Frame:1).
[2019.12.11-13.28.59:824][  0]LogContentBrowser: Native class hierarchy updated for 'HierarchicalLODOutliner' in 0.0002 seconds. Added 0 classes and 0 folders.
[2019.12.11-13.28.59:824][  0]LogLoad: (Engine Initialization) Total time: 13.07 seconds
[2019.12.11-13.28.59:824][  0]LogLoad: (Engine Initialization) Total Blueprint compile time: 0.00 seconds
[2019.12.11-13.28.59:890][  0]LogContentStreaming: Texture pool size now 1000 MB
[2019.12.11-13.28.59:903][  0]LogSlate: Took 0.000720 seconds to synchronously load lazily loaded font '../../../Engine/Content/Slate/Fonts/Roboto-Light.ttf' (167K)
[2019.12.11-13.29.00:299][  8]LogAssetRegistry: Asset discovery search completed in 8.8640 seconds
[2019.12.11-13.29.00:303][  8]LogCollectionManager: Rebuilt the object cache for 0 collections in 0.000004 seconds (found 0 objects)
[2019.12.11-13.29.00:303][  8]LogCollectionManager: Fixed up redirectors for 0 collections in 0.000055 seconds (updated 0 objects)
[2019.12.11-13.29.19:296][144]LogSlate: FSceneViewport::OnFocusLost() reason 0
[2019.12.11-13.29.46:792][102]LogSlate: Window 'Submit Files' being destroyed
[2019.12.11-13.29.53:528][102]LogSourceControl: commit successful: [master 3ca0959] ani
[2019.12.11-13.29.53:693][102]SourceControl: [master 3ca0959] ani
[2019.12.11-13.29.53:693][102]SourceControl:  13 files changed, 0 insertions(+), 0 deletions(-)
[2019.12.11-13.29.53:693][102]SourceControl:  create mode 100644 TheGraduation/Content/WilliamStuffs/NEWCHARACTER/ANI/Corkscrew_Kip_Up.uasset
[2019.12.11-13.29.53:693][102]SourceControl:  rewrite TheGraduation/Content/WilliamStuffs/NEWCHARACTER/ANI/Front_Flip.uasset (63%)
[2019.12.11-13.29.53:693][102]SourceControl:  rewrite TheGraduation/Content/WilliamStuffs/NEWCHARACTER/ANI/Idle.uasset (94%)
[2019.12.11-13.29.53:693][102]SourceControl:  create mode 100644 TheGraduation/Content/WilliamStuffs/NEWCHARACTER/ANI/Idle11.uasset
[2019.12.11-13.29.53:693][102]SourceControl:  create mode 100644 TheGraduation/Content/WilliamStuffs/NEWCHARACTER/ANI/Jump_Montage.uasset
[2019.12.11-13.29.53:693][102]SourceControl:  rewrite TheGraduation/Content/WilliamStuffs/NEWCHARACTER/ANI/Running.uasset (81%)
[2019.12.11-13.29.53:693][102]SourceControl:  rewrite TheGraduation/Content/WilliamStuffs/NEWCHARACTER/ANI/Running_Slide.uasset (71%)
[2019.12.11-13.29.53:693][102]SourceControl:  rewrite TheGraduation/Content/WilliamStuffs/NEWCHARACTER/ANI/Walking.uasset (70%)
[2019.12.11-13.29.53:693][102]SourceControl:  rewrite TheGraduation/Content/WilliamStuffs/NEWCHARACTER/BlendSpace_eddy.uasset (93%)
[2019.12.11-13.29.53:693][102]SourceControl:  rewrite TheGraduation/Content/WilliamStuffs/NEWCHARACTER/Ch33_nonPBR_Skeleton.uasset (62%)
[2019.12.11-13.29.53:693][102]SourceControl:  rewrite TheGraduation/Content/WilliamStuffs/NEWCHARACTER/eddybp.uasset (85%)
[2019.12.11-13.29.53:742][102]SourceControl: Commited [master 3ca0959] ani.
[2019.12.11-13.31.34:040][743]LogAIModule: Creating AISystem for world LEVEL1
[2019.12.11-13.31.55:966][830]LogSlate: Window 'Submit Files' being destroyed
[2019.12.11-13.31.57:139][830]SourceControl: On branch master
[2019.12.11-13.31.57:139][830]SourceControl: Your branch is up to date with 'origin/master'.
[2019.12.11-13.31.57:139][830]SourceControl: Changes not staged for commit:
[2019.12.11-13.31.57:139][830]SourceControl: 	modified:   TheGraduation/Content/Blueprints/Death.uasset
[2019.12.11-13.31.57:139][830]SourceControl: 	modified:   TheGraduation/Content/ThirdPersonBP/Blueprints/ThirdPersonCharacter.uasset
[2019.12.11-13.31.57:139][830]SourceControl: 	modified:   TheGraduation/Content/ThirdPersonBP/Maps/ThirdPersonExampleMap.umap
[2019.12.11-13.31.57:139][830]SourceControl: 	deleted:    TheGraduation/Content/WilliamStuffs/NEWCHARACTER/ANI/Running__1_.uasset
[2019.12.11-13.31.57:139][830]SourceControl: 	deleted:    TheGraduation/Content/WilliamStuffs/NEWCHARACTER/ANI/Start_Walking.uasset
[2019.12.11-13.31.57:139][830]SourceControl: 	modified:   TheGraduation/Intermediate/AssetRegistryCache/0758a7b9.bin
[2019.12.11-13.31.57:139][830]SourceControl: 	modified:   TheGraduation/Intermediate/CachedAssetRegistry.bin
[2019.12.11-13.31.57:139][830]SourceControl: 	modified:   TheGraduation/Saved/AutoScreenshot.png
[2019.12.11-13.31.57:139][830]SourceControl: 	deleted:    TheGraduation/Saved/Backup/Death_2019-12-08-13-39-45.uasset
[2019.12.11-13.31.57:139][830]SourceControl: 	deleted:    TheGraduation/Saved/Backup/Floor_400x400_2019-11-27-08-11-49.uasset
[2019.12.11-13.31.57:139][830]SourceControl: 	deleted:    TheGraduation/Saved/Backup/LEVEL1_2019-12-06-13-13-34.umap
[2019.12.11-13.31.57:139][830]SourceControl: 	deleted:    TheGraduation/Saved/Backup/ThirdPersonExampleMap_2019-12-08-13-30-39.umap
[2019.12.11-13.31.57:139][830]SourceControl: 	deleted:    TheGraduation/Saved/Config/CrashReportClient/UE4CC-Windows-3EE467744DFF6718E3D87F8055D7411C/CrashReportClient.ini
[2019.12.11-13.31.57:139][830]SourceControl: 	deleted:    TheGraduation/Saved/Config/CrashReportClient/UE4CC-Windows-414FBBE844D6F9C3A203F6AEBE2071CE/CrashReportClient.ini
[2019.12.11-13.31.57:139][830]SourceControl: 	deleted:    TheGraduation/Saved/Config/CrashReportClient/UE4CC-Windows-77F0FAD14DD5375D9B8B60B55B0016B1/CrashReportClient.ini
[2019.12.11-13.31.57:139][830]SourceControl: 	modified:   TheGraduation/Saved/Config/Windows/Editor.ini
[2019.12.11-13.31.57:139][830]SourceControl: 	modified:   TheGraduation/Saved/Config/Windows/EditorPerProjectUserSettings.ini
[2019.12.11-13.31.57:139][830]SourceControl: 	modified:   TheGraduation/Saved/Config/Windows/Engine.ini
[2019.12.11-13.31.57:139][830]SourceControl: 	deleted:    TheGraduation/Saved/Logs/TheGraduation-backup-2019.12.05-12.56.27.log
[2019.12.11-13.31.57:139][830]SourceControl: 	deleted:    TheGraduation/Saved/Logs/TheGraduation-backup-2019.12.06-17.11.01.log
[2019.12.11-13.31.57:139][830]SourceControl: 	deleted:    TheGraduation/Saved/Logs/TheGraduation-backup-2019.12.06-17.14.41.log
[2019.12.11-13.31.57:139][830]SourceControl: 	deleted:    TheGraduation/Saved/Logs/TheGraduation-backup-2019.12.06-17.21.43.log
[2019.12.11-13.31.57:139][830]SourceControl: 	deleted:    TheGraduation/Saved/Logs/TheGraduation-backup-2019.12.06-18.14.02.log
[2019.12.11-13.31.57:139][830]SourceControl: 	deleted:    TheGraduation/Saved/Logs/TheGraduation-backup-2019.12.08-16.39.33.log
[2019.12.11-13.31.57:139][830]SourceControl: 	deleted:    TheGraduation/Saved/Logs/TheGraduation-backup-2019.12.08-18.29.56.log
[2019.12.11-13.31.57:139][830]SourceControl: 	deleted:    TheGraduation/Saved/Logs/TheGraduation-backup-2019.12.08-18.42.23.log
[2019.12.11-13.31.57:139][830]SourceControl: 	deleted:    TheGraduation/Saved/Logs/TheGraduation-backup-2019.12.09-12.58.09.log
[2019.12.11-13.31.57:139][830]SourceControl: 	deleted:    TheGraduation/Saved/Logs/TheGraduation-backup-2019.12.09-16.12.02.log
[2019.12.11-13.31.57:139][830]SourceControl: 	deleted:    TheGraduation/Saved/Logs/TheGraduation-backup-2019.12.09-16.17.44.log
[2019.12.11-13.31.57:139][830]SourceControl: 	modified:   TheGraduation/Saved/Logs/TheGraduation.log
[2019.12.11-13.31.57:139][830]SourceControl: Untracked files:
[2019.12.11-13.31.57:139][830]SourceControl: 	TheGraduation/Content/Williamstuffs/Blueprints/Death.uasset
[2019.12.11-13.31.57:139][830]SourceControl: 	TheGraduation/Saved/Autosaves/Game/Mannequin/
[2019.12.11-13.31.57:139][830]SourceControl: 	TheGraduation/Saved/Autosaves/Game/ThirdPersonBP/
[2019.12.11-13.31.57:139][830]SourceControl: 	TheGraduation/Saved/Autosaves/Game/WilliamStuffs/
[2019.12.11-13.31.57:139][830]SourceControl: 	TheGraduation/Saved/Backup/BlendSpace_eddy_2019-12-09-19-38-37.uasset
[2019.12.11-13.31.57:139][830]SourceControl: 	TheGraduation/Saved/Backup/BlendSpace_eddy_2019-12-09-19-45-48.uasset
[2019.12.11-13.31.57:139][830]SourceControl: 	TheGraduation/Saved/Backup/BlendSpace_eddy_2019-12-09-19-53-14.uasset
[2019.12.11-13.31.57:139][830]SourceControl: 	TheGraduation/Saved/Backup/BlendSpace_eddy_2019-12-10-11-23-26.uasset
[2019.12.11-13.31.57:139][830]SourceControl: 	TheGraduation/Saved/Backup/BlendSpace_eddy_2019-12-10-12-43-00.uasset
[2019.12.11-13.31.57:139][830]SourceControl: 	TheGraduation/Saved/Backup/BlendSpace_eddy_2019-12-10-12-52-45.uasset
[2019.12.11-13.31.57:139][830]SourceControl: 	TheGraduation/Saved/Backup/BlendSpace_eddy_2019-12-10-13-25-16.uasset
[2019.12.11-13.31.57:139][830]SourceControl: 	TheGraduation/Saved/Backup/BlendSpace_eddy_2019-12-10-13-34-23.uasset
[2019.12.11-13.31.57:139][830]SourceControl: 	TheGraduation/Saved/Backup/BlendSpace_eddy_2019-12-10-13-40-37.uasset
[2019.12.11-13.31.57:139][830]SourceControl: 	TheGraduation/Saved/Backup/BlendSpace_eddy_2019-12-10-13-56-35.uasset
[2019.12.11-13.31.57:139][830]SourceControl: 	TheGraduation/Saved/Backup/BlendSpace_eddy_2019-12-10-19-01-27.uasset
[2019.12.11-13.31.57:139][830]SourceControl: 	TheGraduation/Saved/Backup/BlendSpace_eddy_2019-12-10-19-14-09.uasset
[2019.12.11-13.31.57:139][830]SourceControl: 	TheGraduation/Saved/Backup/BlendSpace_eddy_2019-12-10-21-39-15.uasset
[2019.12.11-13.31.57:139][830]SourceControl: 	TheGraduation/Saved/Backup/BlendSpace_eddy_2019-12-10-22-04-50.uasset
[2019.12.11-13.31.57:139][830]SourceControl: 	TheGraduation/Saved/Backup/BlendSpace_eddy_2019-12-11-01-38-00.uasset
[2019.12.11-13.31.57:139][830]SourceControl: 	TheGraduation/Saved/Backup/BlendSpace_eddy_2019-12-11-08-13-15.uasset
[2019.12.11-13.31.57:139][830]SourceControl: 	TheGraduation/Saved/Backup/BlendSpace_eddy_2019-12-11-08-20-21.uasset
[2019.12.11-13.31.57:139][830]SourceControl: 	TheGraduation/Saved/Backup/Ch33_1001_Normal_2019-12-10-22-31-04.uasset
[2019.12.11-13.31.57:140][830]SourceControl: 	TheGraduation/Saved/Backup/Ch33_hair_2019-12-10-12-52-46.uasset
[2019.12.11-13.31.57:140][830]SourceControl: 	TheGraduation/Saved/Backup/Ch33_hair_2019-12-10-13-03-04.uasset
[2019.12.11-13.31.57:140][830]SourceControl: 	TheGraduation/Saved/Backup/Ch33_hair_2019-12-10-13-17-46.uasset
[2019.12.11-13.31.57:140][830]SourceControl: 	TheGraduation/Saved/Backup/Ch33_nonPBR_2019-12-10-12-52-46.uasset
[2019.12.11-13.31.57:140][830]SourceControl: 	TheGraduation/Saved/Backup/Ch33_nonPBR_2019-12-10-13-03-04.uasset
[2019.12.11-13.31.57:140][830]SourceControl: 	TheGraduation/Saved/Backup/Ch33_nonPBR_2019-12-10-13-25-55.uasset
[2019.12.11-13.31.57:140][830]SourceControl: 	TheGraduation/Saved/Backup/Ch33_nonPBR_2019-12-10-23-44-01.uasset
[2019.12.11-13.31.57:140][830]SourceControl: 	TheGraduation/Saved/Backup/Ch33_nonPBR_Skeleton_2019-12-10-07-33-49.uasset
[2019.12.11-13.31.57:140][830]SourceControl: 	TheGraduation/Saved/Backup/Ch33_nonPBR_Skeleton_2019-12-10-12-48-31.uasset
[2019.12.11-13.31.57:140][830]SourceControl: 	TheGraduation/Saved/Backup/Ch33_nonPBR_Skeleton_2019-12-10-13-02-19.uasset
[2019.12.11-13.31.57:140][830]SourceControl: 	TheGraduation/Saved/Backup/Ch33_nonPBR_Skeleton_2019-12-10-13-24-30.uasset
[2019.12.11-13.31.57:140][830]SourceControl: 	TheGraduation/Saved/Backup/Ch33_nonPBR_Skeleton_2019-12-10-13-42-15.uasset
[2019.12.11-13.31.57:140][830]SourceControl: 	TheGraduation/Saved/Backup/Ch33_nonPBR_Skeleton_2019-12-10-21-39-15.uasset
[2019.12.11-13.31.57:140][830]SourceControl: 	TheGraduation/Saved/Backup/Ch33_nonPBR_Skeleton_2019-12-10-22-04-50.uasset
[2019.12.11-13.31.57:140][830]SourceControl: 	TheGraduation/Saved/Backup/Ch33_nonPBR_Skeleton_2019-12-10-23-30-01.uasset
[2019.12.11-13.31.57:140][830]SourceControl: 	TheGraduation/Saved/Backup/Death_2019-12-10-22-05-14.uasset
[2019.12.11-13.31.57:140][830]SourceControl: 	TheGraduation/Saved/Backup/Death_2019-12-10-22-14-46.uasset
[2019.12.11-13.31.57:140][830]SourceControl: 	TheGraduation/Saved/Backup/Death_2019-12-10-22-26-34.uasset
[2019.12.11-13.31.57:140][830]SourceControl: 	TheGraduation/Saved/Backup/Front_Flip_2019-12-10-23-05-57.uasset
[2019.12.11-13.31.57:140][830]SourceControl: 	TheGraduation/Saved/Backup/Idle_2019-12-10-14-03-30.uasset
[2019.12.11-13.31.57:140][830]SourceControl: 	TheGraduation/Saved/Backup/Idle_2019-12-10-14-44-32.uasset
[2019.12.11-13.31.57:140][830]SourceControl: 	TheGraduation/Saved/Backup/Jump_Montage_2019-12-11-01-40-34.uasset
[2019.12.11-13.31.57:140][830]SourceControl: 	TheGraduation/Saved/Backup/Jumping__1__2019-12-10-14-03-30.uasset
[2019.12.11-13.31.57:140][830]SourceControl: 	TheGraduation/Saved/Backup/Jumping__1__2019-12-10-14-44-32.uasset
[2019.12.11-13.31.57:140][830]SourceControl: 	TheGraduation/Saved/Backup/NewBlendSpaceeddy20_2019-12-09-20-00-02.uasset
[2019.12.11-13.31.57:140][830]SourceControl: 	TheGraduation/Saved/Backup/Running_2019-12-09-20-10-35.uasset
[2019.12.11-13.31.57:140][830]SourceControl: 	TheGraduation/Saved/Backup/Running_2019-12-09-20-15-59.uasset
[2019.12.11-13.31.57:140][830]SourceControl: 	TheGraduation/Saved/Backup/Running_2019-12-10-14-03-30.uasset
[2019.12.11-13.31.57:140][830]SourceControl: 	TheGraduation/Saved/Backup/Running_2019-12-10-14-44-32.uasset
[2019.12.11-13.31.57:140][830]SourceControl: 	TheGraduation/Saved/Backup/Running_2019-12-10-21-47-12.uasset
[2019.12.11-13.31.57:140][830]SourceControl: 	TheGraduation/Saved/Backup/Running_Slide_2019-12-10-22-37-23.uasset
[2019.12.11-13.31.57:140][830]SourceControl: 	TheGraduation/Saved/Backup/Running_Slide_2019-12-10-22-53-48.uasset
[2019.12.11-13.31.57:140][830]SourceControl: 	TheGraduation/Saved/Backup/Running_Slide_2019-12-10-23-44-01.uasset
[2019.12.11-13.31.57:140][830]SourceControl: 	TheGraduation/Saved/Backup/ThirdPersonCharacter_2019-12-10-13-42-14.uasset
[2019.12.11-13.31.57:140][830]SourceControl: 	TheGraduation/Saved/Backup/ThirdPersonCharacter_2019-12-10-19-58-06.uasset
[2019.12.11-13.31.57:140][830]SourceControl: 	TheGraduation/Saved/Backup/ThirdPersonCharacter_2019-12-10-21-09-06.uasset
[2019.12.11-13.31.57:140][830]SourceControl: 	TheGraduation/Saved/Backup/ThirdPersonCharacter_2019-12-10-21-18-36.uasset
[2019.12.11-13.31.57:140][830]SourceControl: 	TheGraduation/Saved/Backup/ThirdPersonCharacter_2019-12-10-23-25-52.uasset
[2019.12.11-13.31.57:140][830]SourceControl: 	TheGraduation/Saved/Backup/ThirdPersonCharacter_2019-12-10-23-32-39.uasset
[2019.12.11-13.31.57:140][830]SourceControl: 	TheGraduation/Saved/Backup/ThirdPersonCharacter_2019-12-10-23-37-53.uasset
[2019.12.11-13.31.57:140][830]SourceControl: 	TheGraduation/Saved/Backup/ThirdPersonCharacter_2019-12-11-01-18-40.uasset
[2019.12.11-13.31.57:140][830]SourceControl: 	TheGraduation/Saved/Backup/ThirdPersonCharacter_2019-12-11-01-25-19.uasset
[2019.12.11-13.31.57:140][830]SourceControl: 	TheGraduation/Saved/Backup/ThirdPersonCharacter_2019-12-11-01-45-55.uasset
[2019.12.11-13.31.57:140][830]SourceControl: 	TheGraduation/Saved/Backup/ThirdPersonExampleMap_2019-12-09-20-12-40.umap
[2019.12.11-13.31.57:140][830]SourceControl: 	TheGraduation/Saved/Backup/ThirdPersonExampleMap_2019-12-10-13-02-41.umap
[2019.12.11-13.31.57:140][830]SourceControl: 	TheGraduation/Saved/Backup/ThirdPersonExampleMap_2019-12-10-13-42-08.umap
[2019.12.11-13.31.57:140][830]SourceControl: 	TheGraduation/Saved/Backup/ThirdPersonExampleMap_2019-12-10-14-45-09.umap
[2019.12.11-13.31.57:140][830]SourceControl: 	TheGraduation/Saved/Backup/ThirdPersonExampleMap_2019-12-10-14-54-15.umap
[2019.12.11-13.31.57:140][830]SourceControl: 	TheGraduation/Saved/Backup/ThirdPersonExampleMap_2019-12-10-19-58-06.umap
[2019.12.11-13.31.57:140][830]SourceControl: 	TheGraduation/Saved/Backup/ThirdPersonExampleMap_2019-12-10-20-08-21.umap
[2019.12.11-13.31.57:140][830]SourceControl: 	TheGraduation/Saved/Backup/ThirdPersonExampleMap_2019-12-10-21-13-53.umap
[2019.12.11-13.31.57:140][830]SourceControl: 	TheGraduation/Saved/Backup/ThirdPersonExampleMap_2019-12-10-21-25-29.umap
[2019.12.11-13.31.57:140][830]SourceControl: 	TheGraduation/Saved/Backup/ThirdPersonExampleMap_2019-12-10-21-50-36.umap
[2019.12.11-13.31.57:140][830]SourceControl: 	TheGraduation/Saved/Backup/ThirdPersonExampleMap_2019-12-10-22-04-46.umap
[2019.12.11-13.31.57:140][830]SourceControl: 	TheGraduation/Saved/Backup/ThirdPersonExampleMap_2019-12-10-23-32-39.umap
[2019.12.11-13.31.57:140][830]SourceControl: 	TheGraduation/Saved/Backup/ThirdPersonExampleMap_2019-12-10-23-44-01.umap
[2019.12.11-13.31.57:140][830]SourceControl: 	TheGraduation/Saved/Backup/ThirdPersonExampleMap_2019-12-11-01-18-40.umap
[2019.12.11-13.31.57:140][830]SourceControl: 	TheGraduation/Saved/Backup/ThirdPersonExampleMap_2019-12-11-01-26-06.umap
[2019.12.11-13.31.57:140][830]SourceControl: 	TheGraduation/Saved/Backup/ThirdPersonExampleMap_2019-12-11-01-46-55.umap
[2019.12.11-13.31.57:140][830]SourceControl: 	TheGraduation/Saved/Backup/ThirdPersonExampleMap_2019-12-11-07-33-57.umap
[2019.12.11-13.31.57:140][830]SourceControl: 	TheGraduation/Saved/Backup/Walking_2019-12-10-14-03-30.uasset
[2019.12.11-13.31.57:140][830]SourceControl: 	TheGraduation/Saved/Backup/Walking_2019-12-10-14-44-33.uasset
[2019.12.11-13.31.57:140][830]SourceControl: 	TheGraduation/Saved/Backup/Walking_2019-12-10-21-39-15.uasset
[2019.12.11-13.31.57:140][830]SourceControl: 	TheGraduation/Saved/Backup/eddy_2019-12-10-12-40-28.uasset
[2019.12.11-13.31.57:140][830]SourceControl: 	TheGraduation/Saved/Backup/eddybp_2019-12-09-19-36-01.uasset
[2019.12.11-13.31.57:140][830]SourceControl: 	TheGraduation/Saved/Backup/eddybp_2019-12-09-19-59-31.uasset
[2019.12.11-13.31.57:140][830]SourceControl: 	TheGraduation/Saved/Backup/eddybp_2019-12-09-20-05-18.uasset
[2019.12.11-13.31.57:140][830]SourceControl: 	TheGraduation/Saved/Backup/eddybp_2019-12-10-07-28-18.uasset
[2019.12.11-13.31.57:140][830]SourceControl: 	TheGraduation/Saved/Backup/eddybp_2019-12-10-07-34-16.uasset
[2019.12.11-13.31.57:140][830]SourceControl: 	TheGraduation/Saved/Backup/eddybp_2019-12-10-12-40-27.uasset
[2019.12.11-13.31.57:140][830]SourceControl: 	TheGraduation/Saved/Backup/eddybp_2019-12-10-13-03-04.uasset
[2019.12.11-13.31.57:140][830]SourceControl: 	TheGraduation/Saved/Backup/eddybp_2019-12-10-13-17-59.uasset
[2019.12.11-13.31.57:140][830]SourceControl: 	TheGraduation/Saved/Backup/eddybp_2019-12-10-13-27-53.uasset
[2019.12.11-13.31.57:140][830]SourceControl: 	TheGraduation/Saved/Backup/eddybp_2019-12-10-13-36-45.uasset
[2019.12.11-13.31.57:140][830]SourceControl: 	TheGraduation/Saved/Backup/eddybp_2019-12-10-21-13-54.uasset
[2019.12.11-13.31.57:141][830]SourceControl: 	TheGraduation/Saved/Backup/eddybp_2019-12-10-21-22-57.uasset
[2019.12.11-13.31.57:141][830]SourceControl: 	TheGraduation/Saved/Config/CrashReportClient/UE4CC-Windows-0BA77EAF44E698A2471AA9BB46EFC96F/
[2019.12.11-13.31.57:141][830]SourceControl: 	TheGraduation/Saved/Config/CrashReportClient/UE4CC-Windows-17ECA76C4E9A4FE6C6F4D7B1E8FAA333/
[2019.12.11-13.31.57:141][830]SourceControl: 	TheGraduation/Saved/Config/CrashReportClient/UE4CC-Windows-28D46E36477811496B98EE9C274C6C0E/
[2019.12.11-13.31.57:141][830]SourceControl: 	TheGraduation/Saved/Config/CrashReportClient/UE4CC-Windows-49AFD9864C1D6CD87FFFD48AA4E284A5/
[2019.12.11-13.31.57:141][830]SourceControl: 	TheGraduation/Saved/Config/CrashReportClient/UE4CC-Windows-56D9EC9A4D5A06780AEE9688E6C49D0C/
[2019.12.11-13.31.57:141][830]SourceControl: 	TheGraduation/Saved/Config/CrashReportClient/UE4CC-Windows-6808CC8E438B033FD4CDD88164F223F0/
[2019.12.11-13.31.57:141][830]SourceControl: 	TheGraduation/Saved/Config/CrashReportClient/UE4CC-Windows-6B520F99425101F3EA05C9A16F151CEE/
[2019.12.11-13.31.57:141][830]SourceControl: 	TheGraduation/Saved/Config/CrashReportClient/UE4CC-Windows-85346C74405412ADD8B6539E637D62FC/
[2019.12.11-13.31.57:141][830]SourceControl: 	TheGraduation/Saved/Config/CrashReportClient/UE4CC-Windows-86B3B43C4ACAB3971895AFB4471A61EC/
[2019.12.11-13.31.57:141][830]SourceControl: 	TheGraduation/Saved/Config/CrashReportClient/UE4CC-Windows-87FEA11F41A89A94CC89B6AABBEC791F/
[2019.12.11-13.31.57:141][830]SourceControl: 	TheGraduation/Saved/Config/CrashReportClient/UE4CC-Windows-9350E69346CCB41851983E9D8BA6C366/
[2019.12.11-13.31.57:141][830]SourceControl: 	TheGraduation/Saved/Config/CrashReportClient/UE4CC-Windows-A503CE21470DB0B96478DE89FE90B196/
[2019.12.11-13.31.57:141][830]SourceControl: 	TheGraduation/Saved/Config/CrashReportClient/UE4CC-Windows-E1A12D774E2EC5FAD0CDA9A4120E9DC9/
[2019.12.11-13.31.57:141][830]SourceControl: 	TheGraduation/Saved/Crashes/
[2019.12.11-13.31.57:141][830]SourceControl: 	TheGraduation/Saved/Diff/
[2019.12.11-13.31.57:141][830]SourceControl: 	TheGraduation/Saved/Logs/Git-Temp15BE4F0142CE53F8A6B36F8E8A52E3FC.txt
[2019.12.11-13.31.57:141][830]SourceControl: 	TheGraduation/Saved/Logs/TheGraduation-backup-2019.12.10-12.34.28.log
[2019.12.11-13.31.57:141][830]SourceControl: 	TheGraduation/Saved/Logs/TheGraduation-backup-2019.12.10-19.45.15.log
[2019.12.11-13.31.57:141][830]SourceControl: 	TheGraduation/Saved/Logs/TheGraduation-backup-2019.12.10-19.50.21.log
[2019.12.11-13.31.57:141][830]SourceControl: 	TheGraduation/Saved/Logs/TheGraduation-backup-2019.12.10-19.51.29.log
[2019.12.11-13.31.57:141][830]SourceControl: 	TheGraduation/Saved/Logs/TheGraduation-backup-2019.12.11-04.44.11.log
[2019.12.11-13.31.57:141][830]SourceControl: 	TheGraduation/Saved/Logs/TheGraduation-backup-2019.12.11-06.26.22.log
[2019.12.11-13.31.57:141][830]SourceControl: 	TheGraduation/Saved/Logs/TheGraduation-backup-2019.12.11-06.47.02.log
[2019.12.11-13.31.57:141][830]SourceControl: 	TheGraduation/Saved/Logs/TheGraduation-backup-2019.12.11-12.34.04.log
[2019.12.11-13.31.57:141][830]SourceControl: 	TheGraduation/Saved/Logs/TheGraduation-backup-2019.12.11-12.36.29.log
[2019.12.11-13.31.57:141][830]SourceControl: 	TheGraduation/Saved/Logs/TheGraduation-backup-2019.12.11-13.25.35.log
[2019.12.11-13.31.57:141][830]SourceControl: no changes added to commit
[2019.12.11-13.31.58:539][830]LogSlate: Window 'Message' being destroyed
[2019.12.11-13.33.46:027][225]LogTemp: Repeating last play command: New Editor Window (PIE)
[2019.12.11-13.33.46:034][225]LogBlueprintUserMessages: Early PlayInEditor Detection: Level '/Game/ThirdPersonBP/Maps/ThirdPersonExampleMap.ThirdPersonExampleMap:PersistentLevel' has LevelScriptBlueprint '/Game/ThirdPersonBP/Maps/ThirdPersonExampleMap.ThirdPersonExampleMap:PersistentLevel.ThirdPersonExampleMap' with GeneratedClass '/Game/ThirdPersonBP/Maps/ThirdPersonExampleMap.ThirdPersonExampleMap_C' with ClassGeneratedBy '/Game/ThirdPersonBP/Maps/ThirdPersonExampleMap.ThirdPersonExampleMap:PersistentLevel.ThirdPersonExampleMap'
[2019.12.11-13.33.46:034][225]LogPlayLevel: PlayLevel: No blueprints needed recompiling
[2019.12.11-13.33.46:035][225]PIE: New page: PIE session: ThirdPersonExampleMap (Dec 11, 2019, 3:33:46 AM)
[2019.12.11-13.33.46:036][225]LogOnline: OSS: Creating online subsystem instance for: NULL
[2019.12.11-13.33.46:037][225]LogPlayLevel: Creating play world package: /Game/ThirdPersonBP/Maps/UEDPIE_0_ThirdPersonExampleMap
[2019.12.11-13.33.46:049][225]LogPlayLevel: PIE: StaticDuplicateObject took: (0.012372s)
[2019.12.11-13.33.46:050][225]LogAIModule: Creating AISystem for world ThirdPersonExampleMap
[2019.12.11-13.33.46:050][225]LogPlayLevel: PIE: World Init took: (0.001081s)
[2019.12.11-13.33.46:051][225]LogPlayLevel: PIE: Created PIE world by copying editor world from /Game/ThirdPersonBP/Maps/ThirdPersonExampleMap.ThirdPersonExampleMap to /Game/ThirdPersonBP/Maps/UEDPIE_0_ThirdPersonExampleMap.ThirdPersonExampleMap (0.013640s)
[2019.12.11-13.33.46:076][225]LogUObjectHash: Compacting FUObjectHashTables data took   1.50ms
[2019.12.11-13.33.46:081][225]LogInit: XAudio2 using 'Speakers (Realtek(R) Audio)' : 2 channels at 48 kHz using 32 bits per sample (channel mask 0x3)
[2019.12.11-13.33.46:097][225]LogInit: FAudioDevice initialized.
[2019.12.11-13.33.46:105][225]LogSlate: Updating window title bar state: overlay mode, drag disabled, window buttons hidden, title bar hidden
[2019.12.11-13.33.46:109][225]LogLoad: Game class is 'ThirdPersonGameMode_C'
[2019.12.11-13.33.46:112][225]LogWorld: Bringing World /Game/ThirdPersonBP/Maps/UEDPIE_0_ThirdPersonExampleMap.ThirdPersonExampleMap up for play (max tick rate 60) at 2019.12.11-08.33.46
[2019.12.11-13.33.46:112][225]LogWorld: Bringing up level for play took: 0.001536
[2019.12.11-13.33.46:112][225]LogOnline: OSS: Creating online subsystem instance for: :Context_2
[2019.12.11-13.33.46:119][225]LogContentBrowser: Native class hierarchy updated for 'MovieSceneCapture' in 0.0003 seconds. Added 20 classes and 0 folders.
[2019.12.11-13.33.46:122][225]PIE: Play in editor start time for /Game/ThirdPersonBP/Maps/UEDPIE_0_ThirdPersonExampleMap 0.871
[2019.12.11-13.33.46:123][225]LogBlueprintUserMessages: Late PlayInEditor Detection: Level '/Game/ThirdPersonBP/Maps/ThirdPersonExampleMap.ThirdPersonExampleMap:PersistentLevel' has LevelScriptBlueprint '/Game/ThirdPersonBP/Maps/ThirdPersonExampleMap.ThirdPersonExampleMap:PersistentLevel.ThirdPersonExampleMap' with GeneratedClass '/Game/ThirdPersonBP/Maps/ThirdPersonExampleMap.ThirdPersonExampleMap_C' with ClassGeneratedBy '/Game/ThirdPersonBP/Maps/ThirdPersonExampleMap.ThirdPersonExampleMap:PersistentLevel.ThirdPersonExampleMap'
[2019.12.11-13.33.46:151][226]LogRenderer: Reallocating scene render targets to support 1280x716 Format 9 NumSamples 1 (Frame:1).
[2019.12.11-13.33.52:538][609]LogBlueprintUserMessages: Early EndPlayMap Detection: Level '/Game/ThirdPersonBP/Maps/ThirdPersonExampleMap.ThirdPersonExampleMap:PersistentLevel' has LevelScriptBlueprint '/Game/ThirdPersonBP/Maps/ThirdPersonExampleMap.ThirdPersonExampleMap:PersistentLevel.ThirdPersonExampleMap' with GeneratedClass '/Game/ThirdPersonBP/Maps/ThirdPersonExampleMap.ThirdPersonExampleMap_C' with ClassGeneratedBy '/Game/ThirdPersonBP/Maps/ThirdPersonExampleMap.ThirdPersonExampleMap:PersistentLevel.ThirdPersonExampleMap'
[2019.12.11-13.33.52:538][609]LogSlate: Updating window title bar state: overlay mode, drag disabled, window buttons hidden, title bar hidden
[2019.12.11-13.33.52:538][609]LogWorld: BeginTearingDown for /Game/ThirdPersonBP/Maps/UEDPIE_0_ThirdPersonExampleMap
[2019.12.11-13.33.52:545][609]LogSlate: Window 'TheGraduation Game Preview Standalone (64-bit/PCD3D_SM5)' being destroyed
[2019.12.11-13.33.52:592][609]LogWorld: UWorld::CleanupWorld for ThirdPersonExampleMap, bSessionEnded=true, bCleanupResources=true
[2019.12.11-13.33.52:598][609]LogPlayLevel: Display: Shutting down PIE online subsystems
[2019.12.11-13.33.52:598][609]LogBlueprintUserMessages: Late EndPlayMap Detection: Level '/Game/ThirdPersonBP/Maps/ThirdPersonExampleMap.ThirdPersonExampleMap:PersistentLevel' has LevelScriptBlueprint '/Game/ThirdPersonBP/Maps/ThirdPersonExampleMap.ThirdPersonExampleMap:PersistentLevel.ThirdPersonExampleMap' with GeneratedClass '/Game/ThirdPersonBP/Maps/ThirdPersonExampleMap.ThirdPersonExampleMap_C' with ClassGeneratedBy '/Game/ThirdPersonBP/Maps/ThirdPersonExampleMap.ThirdPersonExampleMap:PersistentLevel.ThirdPersonExampleMap'
[2019.12.11-13.33.52:632][609]LogUObjectHash: Compacting FUObjectHashTables data took   1.74ms
[2019.12.11-13.33.52:640][610]LogPlayLevel: Display: Destroying online subsystem :Context_2
[2019.12.11-13.34.11:207][437]LogEditorViewport: Clicking on Actor (LMB): ThirdPersonCharacter_C (ThirdPersonCharacter)
[2019.12.11-13.34.12:409][503]LogSlate: FSceneViewport::OnFocusLost() reason 0
[2019.12.11-13.34.20:420][736]LogSlate: FSceneViewport::OnFocusLost() reason 0
[2019.12.11-13.34.22:743][873]LogSlate: Took 0.000136 seconds to synchronously load lazily loaded font '../../../Engine/Content/Slate/Fonts/Roboto-Light.ttf' (167K)
[2019.12.11-13.34.22:793][873]LogAssetEditorManager: Opening Asset editor for Blueprint /Game/Williamstuffs/Blueprints/pointcollect.pointcollect
[2019.12.11-13.34.23:022][873]LogContentBrowser: Native class hierarchy updated for 'BlueprintGraph' in 0.0004 seconds. Added 121 classes and 0 folders.
[2019.12.11-13.34.23:849][873]LogSlate: Took 0.000747 seconds to synchronously load lazily loaded font '../../../Engine/Content/Slate/Fonts/Roboto-BoldCondensed.ttf' (158K)
[2019.12.11-13.34.23:905][874]LogSlate: Took 0.002310 seconds to synchronously load lazily loaded font '../../../Engine/Content/Slate/Fonts/Roboto-Italic.ttf' (157K)
[2019.12.11-13.34.25:106][946]LogSlate: Window 'pointcollect' being destroyed
[2019.12.11-13.34.25:154][946]LogSlate: Window 'pointcollect' being destroyed
[2019.12.11-13.34.25:154][946]LogWorld: UWorld::CleanupWorld for World_3, bSessionEnded=true, bCleanupResources=true
[2019.12.11-13.34.34:130][343]LogSlate: Window 'Submit Files' being destroyed
[2019.12.11-13.34.35:182][343]SourceControl: On branch master
[2019.12.11-13.34.35:182][343]SourceControl: Your branch is up to date with 'origin/master'.
[2019.12.11-13.34.35:182][343]SourceControl: Changes not staged for commit:
[2019.12.11-13.34.35:182][343]SourceControl: 	modified:   TheGraduation/Content/Blueprints/Death.uasset
[2019.12.11-13.34.35:182][343]SourceControl: 	modified:   TheGraduation/Content/ThirdPersonBP/Blueprints/ThirdPersonCharacter.uasset
[2019.12.11-13.34.35:182][343]SourceControl: 	modified:   TheGraduation/Content/ThirdPersonBP/Maps/ThirdPersonExampleMap.umap
[2019.12.11-13.34.35:182][343]SourceControl: 	deleted:    TheGraduation/Content/WilliamStuffs/NEWCHARACTER/ANI/Running__1_.uasset
[2019.12.11-13.34.35:182][343]SourceControl: 	deleted:    TheGraduation/Content/WilliamStuffs/NEWCHARACTER/ANI/Start_Walking.uasset
[2019.12.11-13.34.35:182][343]SourceControl: 	modified:   TheGraduation/Intermediate/AssetRegistryCache/0758a7b9.bin
[2019.12.11-13.34.35:182][343]SourceControl: 	modified:   TheGraduation/Intermediate/CachedAssetRegistry.bin
[2019.12.11-13.34.35:182][343]SourceControl: 	modified:   TheGraduation/Saved/AutoScreenshot.png
[2019.12.11-13.34.35:182][343]SourceControl: 	deleted:    TheGraduation/Saved/Backup/Death_2019-12-08-13-39-45.uasset
[2019.12.11-13.34.35:182][343]SourceControl: 	deleted:    TheGraduation/Saved/Backup/Floor_400x400_2019-11-27-08-11-49.uasset
[2019.12.11-13.34.35:182][343]SourceControl: 	deleted:    TheGraduation/Saved/Backup/LEVEL1_2019-12-06-13-13-34.umap
[2019.12.11-13.34.35:182][343]SourceControl: 	deleted:    TheGraduation/Saved/Backup/ThirdPersonExampleMap_2019-12-08-13-30-39.umap
[2019.12.11-13.34.35:182][343]SourceControl: 	deleted:    TheGraduation/Saved/Config/CrashReportClient/UE4CC-Windows-3EE467744DFF6718E3D87F8055D7411C/CrashReportClient.ini
[2019.12.11-13.34.35:182][343]SourceControl: 	deleted:    TheGraduation/Saved/Config/CrashReportClient/UE4CC-Windows-414FBBE844D6F9C3A203F6AEBE2071CE/CrashReportClient.ini
[2019.12.11-13.34.35:182][343]SourceControl: 	deleted:    TheGraduation/Saved/Config/CrashReportClient/UE4CC-Windows-77F0FAD14DD5375D9B8B60B55B0016B1/CrashReportClient.ini
[2019.12.11-13.34.35:182][343]SourceControl: 	modified:   TheGraduation/Saved/Config/Windows/Editor.ini
[2019.12.11-13.34.35:182][343]SourceControl: 	modified:   TheGraduation/Saved/Config/Windows/EditorPerProjectUserSettings.ini
[2019.12.11-13.34.35:182][343]SourceControl: 	modified:   TheGraduation/Saved/Config/Windows/Engine.ini
[2019.12.11-13.34.35:182][343]SourceControl: 	deleted:    TheGraduation/Saved/Logs/TheGraduation-backup-2019.12.05-12.56.27.log
[2019.12.11-13.34.35:182][343]SourceControl: 	deleted:    TheGraduation/Saved/Logs/TheGraduation-backup-2019.12.06-17.11.01.log
[2019.12.11-13.34.35:182][343]SourceControl: 	deleted:    TheGraduation/Saved/Logs/TheGraduation-backup-2019.12.06-17.14.41.log
[2019.12.11-13.34.35:182][343]SourceControl: 	deleted:    TheGraduation/Saved/Logs/TheGraduation-backup-2019.12.06-17.21.43.log
[2019.12.11-13.34.35:182][343]SourceControl: 	deleted:    TheGraduation/Saved/Logs/TheGraduation-backup-2019.12.06-18.14.02.log
[2019.12.11-13.34.35:182][343]SourceControl: 	deleted:    TheGraduation/Saved/Logs/TheGraduation-backup-2019.12.08-16.39.33.log
[2019.12.11-13.34.35:182][343]SourceControl: 	deleted:    TheGraduation/Saved/Logs/TheGraduation-backup-2019.12.08-18.29.56.log
[2019.12.11-13.34.35:182][343]SourceControl: 	deleted:    TheGraduation/Saved/Logs/TheGraduation-backup-2019.12.08-18.42.23.log
[2019.12.11-13.34.35:182][343]SourceControl: 	deleted:    TheGraduation/Saved/Logs/TheGraduation-backup-2019.12.09-12.58.09.log
[2019.12.11-13.34.35:182][343]SourceControl: 	deleted:    TheGraduation/Saved/Logs/TheGraduation-backup-2019.12.09-16.12.02.log
[2019.12.11-13.34.35:182][343]SourceControl: 	deleted:    TheGraduation/Saved/Logs/TheGraduation-backup-2019.12.09-16.17.44.log
[2019.12.11-13.34.35:182][343]SourceControl: 	modified:   TheGraduation/Saved/Logs/TheGraduation.log
[2019.12.11-13.34.35:182][343]SourceControl: Untracked files:
[2019.12.11-13.34.35:182][343]SourceControl: 	TheGraduation/Content/Williamstuffs/Blueprints/Death.uasset
[2019.12.11-13.34.35:182][343]SourceControl: 	TheGraduation/Saved/Autosaves/Game/Mannequin/
[2019.12.11-13.34.35:182][343]SourceControl: 	TheGraduation/Saved/Autosaves/Game/ThirdPersonBP/
[2019.12.11-13.34.35:182][343]SourceControl: 	TheGraduation/Saved/Autosaves/Game/WilliamStuffs/
[2019.12.11-13.34.35:182][343]SourceControl: 	TheGraduation/Saved/Backup/BlendSpace_eddy_2019-12-09-19-38-37.uasset
[2019.12.11-13.34.35:182][343]SourceControl: 	TheGraduation/Saved/Backup/BlendSpace_eddy_2019-12-09-19-45-48.uasset
[2019.12.11-13.34.35:182][343]SourceControl: 	TheGraduation/Saved/Backup/BlendSpace_eddy_2019-12-09-19-53-14.uasset
[2019.12.11-13.34.35:182][343]SourceControl: 	TheGraduation/Saved/Backup/BlendSpace_eddy_2019-12-10-11-23-26.uasset
[2019.12.11-13.34.35:182][343]SourceControl: 	TheGraduation/Saved/Backup/BlendSpace_eddy_2019-12-10-12-43-00.uasset
[2019.12.11-13.34.35:182][343]SourceControl: 	TheGraduation/Saved/Backup/BlendSpace_eddy_2019-12-10-12-52-45.uasset
[2019.12.11-13.34.35:182][343]SourceControl: 	TheGraduation/Saved/Backup/BlendSpace_eddy_2019-12-10-13-25-16.uasset
[2019.12.11-13.34.35:182][343]SourceControl: 	TheGraduation/Saved/Backup/BlendSpace_eddy_2019-12-10-13-34-23.uasset
[2019.12.11-13.34.35:182][343]SourceControl: 	TheGraduation/Saved/Backup/BlendSpace_eddy_2019-12-10-13-40-37.uasset
[2019.12.11-13.34.35:182][343]SourceControl: 	TheGraduation/Saved/Backup/BlendSpace_eddy_2019-12-10-13-56-35.uasset
[2019.12.11-13.34.35:182][343]SourceControl: 	TheGraduation/Saved/Backup/BlendSpace_eddy_2019-12-10-19-01-27.uasset
[2019.12.11-13.34.35:182][343]SourceControl: 	TheGraduation/Saved/Backup/BlendSpace_eddy_2019-12-10-19-14-09.uasset
[2019.12.11-13.34.35:182][343]SourceControl: 	TheGraduation/Saved/Backup/BlendSpace_eddy_2019-12-10-21-39-15.uasset
[2019.12.11-13.34.35:182][343]SourceControl: 	TheGraduation/Saved/Backup/BlendSpace_eddy_2019-12-10-22-04-50.uasset
[2019.12.11-13.34.35:182][343]SourceControl: 	TheGraduation/Saved/Backup/BlendSpace_eddy_2019-12-11-01-38-00.uasset
[2019.12.11-13.34.35:182][343]SourceControl: 	TheGraduation/Saved/Backup/BlendSpace_eddy_2019-12-11-08-13-15.uasset
[2019.12.11-13.34.35:182][343]SourceControl: 	TheGraduation/Saved/Backup/BlendSpace_eddy_2019-12-11-08-20-21.uasset
[2019.12.11-13.34.35:182][343]SourceControl: 	TheGraduation/Saved/Backup/Ch33_1001_Normal_2019-12-10-22-31-04.uasset
[2019.12.11-13.34.35:182][343]SourceControl: 	TheGraduation/Saved/Backup/Ch33_hair_2019-12-10-12-52-46.uasset
[2019.12.11-13.34.35:182][343]SourceControl: 	TheGraduation/Saved/Backup/Ch33_hair_2019-12-10-13-03-04.uasset
[2019.12.11-13.34.35:183][343]SourceControl: 	TheGraduation/Saved/Backup/Ch33_hair_2019-12-10-13-17-46.uasset
[2019.12.11-13.34.35:183][343]SourceControl: 	TheGraduation/Saved/Backup/Ch33_nonPBR_2019-12-10-12-52-46.uasset
[2019.12.11-13.34.35:183][343]SourceControl: 	TheGraduation/Saved/Backup/Ch33_nonPBR_2019-12-10-13-03-04.uasset
[2019.12.11-13.34.35:183][343]SourceControl: 	TheGraduation/Saved/Backup/Ch33_nonPBR_2019-12-10-13-25-55.uasset
[2019.12.11-13.34.35:183][343]SourceControl: 	TheGraduation/Saved/Backup/Ch33_nonPBR_2019-12-10-23-44-01.uasset
[2019.12.11-13.34.35:183][343]SourceControl: 	TheGraduation/Saved/Backup/Ch33_nonPBR_Skeleton_2019-12-10-07-33-49.uasset
[2019.12.11-13.34.35:183][343]SourceControl: 	TheGraduation/Saved/Backup/Ch33_nonPBR_Skeleton_2019-12-10-12-48-31.uasset
[2019.12.11-13.34.35:183][343]SourceControl: 	TheGraduation/Saved/Backup/Ch33_nonPBR_Skeleton_2019-12-10-13-02-19.uasset
[2019.12.11-13.34.35:183][343]SourceControl: 	TheGraduation/Saved/Backup/Ch33_nonPBR_Skeleton_2019-12-10-13-24-30.uasset
[2019.12.11-13.34.35:183][343]SourceControl: 	TheGraduation/Saved/Backup/Ch33_nonPBR_Skeleton_2019-12-10-13-42-15.uasset
[2019.12.11-13.34.35:183][343]SourceControl: 	TheGraduation/Saved/Backup/Ch33_nonPBR_Skeleton_2019-12-10-21-39-15.uasset
[2019.12.11-13.34.35:183][343]SourceControl: 	TheGraduation/Saved/Backup/Ch33_nonPBR_Skeleton_2019-12-10-22-04-50.uasset
[2019.12.11-13.34.35:183][343]SourceControl: 	TheGraduation/Saved/Backup/Ch33_nonPBR_Skeleton_2019-12-10-23-30-01.uasset
[2019.12.11-13.34.35:183][343]SourceControl: 	TheGraduation/Saved/Backup/Death_2019-12-10-22-05-14.uasset
[2019.12.11-13.34.35:183][343]SourceControl: 	TheGraduation/Saved/Backup/Death_2019-12-10-22-14-46.uasset
[2019.12.11-13.34.35:183][343]SourceControl: 	TheGraduation/Saved/Backup/Death_2019-12-10-22-26-34.uasset
[2019.12.11-13.34.35:183][343]SourceControl: 	TheGraduation/Saved/Backup/Front_Flip_2019-12-10-23-05-57.uasset
[2019.12.11-13.34.35:183][343]SourceControl: 	TheGraduation/Saved/Backup/Idle_2019-12-10-14-03-30.uasset
[2019.12.11-13.34.35:183][343]SourceControl: 	TheGraduation/Saved/Backup/Idle_2019-12-10-14-44-32.uasset
[2019.12.11-13.34.35:183][343]SourceControl: 	TheGraduation/Saved/Backup/Jump_Montage_2019-12-11-01-40-34.uasset
[2019.12.11-13.34.35:183][343]SourceControl: 	TheGraduation/Saved/Backup/Jumping__1__2019-12-10-14-03-30.uasset
[2019.12.11-13.34.35:183][343]SourceControl: 	TheGraduation/Saved/Backup/Jumping__1__2019-12-10-14-44-32.uasset
[2019.12.11-13.34.35:183][343]SourceControl: 	TheGraduation/Saved/Backup/NewBlendSpaceeddy20_2019-12-09-20-00-02.uasset
[2019.12.11-13.34.35:183][343]SourceControl: 	TheGraduation/Saved/Backup/Running_2019-12-09-20-10-35.uasset
[2019.12.11-13.34.35:183][343]SourceControl: 	TheGraduation/Saved/Backup/Running_2019-12-09-20-15-59.uasset
[2019.12.11-13.34.35:183][343]SourceControl: 	TheGraduation/Saved/Backup/Running_2019-12-10-14-03-30.uasset
[2019.12.11-13.34.35:183][343]SourceControl: 	TheGraduation/Saved/Backup/Running_2019-12-10-14-44-32.uasset
[2019.12.11-13.34.35:183][343]SourceControl: 	TheGraduation/Saved/Backup/Running_2019-12-10-21-47-12.uasset
[2019.12.11-13.34.35:183][343]SourceControl: 	TheGraduation/Saved/Backup/Running_Slide_2019-12-10-22-37-23.uasset
[2019.12.11-13.34.35:183][343]SourceControl: 	TheGraduation/Saved/Backup/Running_Slide_2019-12-10-22-53-48.uasset
[2019.12.11-13.34.35:183][343]SourceControl: 	TheGraduation/Saved/Backup/Running_Slide_2019-12-10-23-44-01.uasset
[2019.12.11-13.34.35:183][343]SourceControl: 	TheGraduation/Saved/Backup/ThirdPersonCharacter_2019-12-10-13-42-14.uasset
[2019.12.11-13.34.35:183][343]SourceControl: 	TheGraduation/Saved/Backup/ThirdPersonCharacter_2019-12-10-19-58-06.uasset
[2019.12.11-13.34.35:183][343]SourceControl: 	TheGraduation/Saved/Backup/ThirdPersonCharacter_2019-12-10-21-09-06.uasset
[2019.12.11-13.34.35:183][343]SourceControl: 	TheGraduation/Saved/Backup/ThirdPersonCharacter_2019-12-10-21-18-36.uasset
[2019.12.11-13.34.35:183][343]SourceControl: 	TheGraduation/Saved/Backup/ThirdPersonCharacter_2019-12-10-23-25-52.uasset
[2019.12.11-13.34.35:183][343]SourceControl: 	TheGraduation/Saved/Backup/ThirdPersonCharacter_2019-12-10-23-32-39.uasset
[2019.12.11-13.34.35:183][343]SourceControl: 	TheGraduation/Saved/Backup/ThirdPersonCharacter_2019-12-10-23-37-53.uasset
[2019.12.11-13.34.35:183][343]SourceControl: 	TheGraduation/Saved/Backup/ThirdPersonCharacter_2019-12-11-01-18-40.uasset
[2019.12.11-13.34.35:183][343]SourceControl: 	TheGraduation/Saved/Backup/ThirdPersonCharacter_2019-12-11-01-25-19.uasset
[2019.12.11-13.34.35:183][343]SourceControl: 	TheGraduation/Saved/Backup/ThirdPersonCharacter_2019-12-11-01-45-55.uasset
[2019.12.11-13.34.35:183][343]SourceControl: 	TheGraduation/Saved/Backup/ThirdPersonExampleMap_2019-12-09-20-12-40.umap
[2019.12.11-13.34.35:183][343]SourceControl: 	TheGraduation/Saved/Backup/ThirdPersonExampleMap_2019-12-10-13-02-41.umap
[2019.12.11-13.34.35:183][343]SourceControl: 	TheGraduation/Saved/Backup/ThirdPersonExampleMap_2019-12-10-13-42-08.umap
[2019.12.11-13.34.35:183][343]SourceControl: 	TheGraduation/Saved/Backup/ThirdPersonExampleMap_2019-12-10-14-45-09.umap
[2019.12.11-13.34.35:183][343]SourceControl: 	TheGraduation/Saved/Backup/ThirdPersonExampleMap_2019-12-10-14-54-15.umap
[2019.12.11-13.34.35:183][343]SourceControl: 	TheGraduation/Saved/Backup/ThirdPersonExampleMap_2019-12-10-19-58-06.umap
[2019.12.11-13.34.35:183][343]SourceControl: 	TheGraduation/Saved/Backup/ThirdPersonExampleMap_2019-12-10-20-08-21.umap
[2019.12.11-13.34.35:183][343]SourceControl: 	TheGraduation/Saved/Backup/ThirdPersonExampleMap_2019-12-10-21-13-53.umap
[2019.12.11-13.34.35:183][343]SourceControl: 	TheGraduation/Saved/Backup/ThirdPersonExampleMap_2019-12-10-21-25-29.umap
[2019.12.11-13.34.35:183][343]SourceControl: 	TheGraduation/Saved/Backup/ThirdPersonExampleMap_2019-12-10-21-50-36.umap
[2019.12.11-13.34.35:183][343]SourceControl: 	TheGraduation/Saved/Backup/ThirdPersonExampleMap_2019-12-10-22-04-46.umap
[2019.12.11-13.34.35:183][343]SourceControl: 	TheGraduation/Saved/Backup/ThirdPersonExampleMap_2019-12-10-23-32-39.umap
[2019.12.11-13.34.35:183][343]SourceControl: 	TheGraduation/Saved/Backup/ThirdPersonExampleMap_2019-12-10-23-44-01.umap
[2019.12.11-13.34.35:183][343]SourceControl: 	TheGraduation/Saved/Backup/ThirdPersonExampleMap_2019-12-11-01-18-40.umap
[2019.12.11-13.34.35:183][343]SourceControl: 	TheGraduation/Saved/Backup/ThirdPersonExampleMap_2019-12-11-01-26-06.umap
[2019.12.11-13.34.35:183][343]SourceControl: 	TheGraduation/Saved/Backup/ThirdPersonExampleMap_2019-12-11-01-46-55.umap
[2019.12.11-13.34.35:183][343]SourceControl: 	TheGraduation/Saved/Backup/ThirdPersonExampleMap_2019-12-11-07-33-57.umap
[2019.12.11-13.34.35:183][343]SourceControl: 	TheGraduation/Saved/Backup/Walking_2019-12-10-14-03-30.uasset
[2019.12.11-13.34.35:183][343]SourceControl: 	TheGraduation/Saved/Backup/Walking_2019-12-10-14-44-33.uasset
[2019.12.11-13.34.35:183][343]SourceControl: 	TheGraduation/Saved/Backup/Walking_2019-12-10-21-39-15.uasset
[2019.12.11-13.34.35:183][343]SourceControl: 	TheGraduation/Saved/Backup/eddy_2019-12-10-12-40-28.uasset
[2019.12.11-13.34.35:183][343]SourceControl: 	TheGraduation/Saved/Backup/eddybp_2019-12-09-19-36-01.uasset
[2019.12.11-13.34.35:183][343]SourceControl: 	TheGraduation/Saved/Backup/eddybp_2019-12-09-19-59-31.uasset
[2019.12.11-13.34.35:184][343]SourceControl: 	TheGraduation/Saved/Backup/eddybp_2019-12-09-20-05-18.uasset
[2019.12.11-13.34.35:184][343]SourceControl: 	TheGraduation/Saved/Backup/eddybp_2019-12-10-07-28-18.uasset
[2019.12.11-13.34.35:184][343]SourceControl: 	TheGraduation/Saved/Backup/eddybp_2019-12-10-07-34-16.uasset
[2019.12.11-13.34.35:184][343]SourceControl: 	TheGraduation/Saved/Backup/eddybp_2019-12-10-12-40-27.uasset
[2019.12.11-13.34.35:184][343]SourceControl: 	TheGraduation/Saved/Backup/eddybp_2019-12-10-13-03-04.uasset
[2019.12.11-13.34.35:184][343]SourceControl: 	TheGraduation/Saved/Backup/eddybp_2019-12-10-13-17-59.uasset
[2019.12.11-13.34.35:184][343]SourceControl: 	TheGraduation/Saved/Backup/eddybp_2019-12-10-13-27-53.uasset
[2019.12.11-13.34.35:184][343]SourceControl: 	TheGraduation/Saved/Backup/eddybp_2019-12-10-13-36-45.uasset
[2019.12.11-13.34.35:184][343]SourceControl: 	TheGraduation/Saved/Backup/eddybp_2019-12-10-21-13-54.uasset
[2019.12.11-13.34.35:184][343]SourceControl: 	TheGraduation/Saved/Backup/eddybp_2019-12-10-21-22-57.uasset
[2019.12.11-13.34.35:184][343]SourceControl: 	TheGraduation/Saved/Config/CrashReportClient/UE4CC-Windows-0BA77EAF44E698A2471AA9BB46EFC96F/
[2019.12.11-13.34.35:184][343]SourceControl: 	TheGraduation/Saved/Config/CrashReportClient/UE4CC-Windows-17ECA76C4E9A4FE6C6F4D7B1E8FAA333/
[2019.12.11-13.34.35:184][343]SourceControl: 	TheGraduation/Saved/Config/CrashReportClient/UE4CC-Windows-28D46E36477811496B98EE9C274C6C0E/
[2019.12.11-13.34.35:184][343]SourceControl: 	TheGraduation/Saved/Config/CrashReportClient/UE4CC-Windows-49AFD9864C1D6CD87FFFD48AA4E284A5/
[2019.12.11-13.34.35:184][343]SourceControl: 	TheGraduation/Saved/Config/CrashReportClient/UE4CC-Windows-56D9EC9A4D5A06780AEE9688E6C49D0C/
[2019.12.11-13.34.35:184][343]SourceControl: 	TheGraduation/Saved/Config/CrashReportClient/UE4CC-Windows-6808CC8E438B033FD4CDD88164F223F0/
[2019.12.11-13.34.35:184][343]SourceControl: 	TheGraduation/Saved/Config/CrashReportClient/UE4CC-Windows-6B520F99425101F3EA05C9A16F151CEE/
[2019.12.11-13.34.35:184][343]SourceControl: 	TheGraduation/Saved/Config/CrashReportClient/UE4CC-Windows-85346C74405412ADD8B6539E637D62FC/
[2019.12.11-13.34.35:184][343]SourceControl: 	TheGraduation/Saved/Config/CrashReportClient/UE4CC-Windows-86B3B43C4ACAB3971895AFB4471A61EC/
[2019.12.11-13.34.35:184][343]SourceControl: 	TheGraduation/Saved/Config/CrashReportClient/UE4CC-Windows-87FEA11F41A89A94CC89B6AABBEC791F/
[2019.12.11-13.34.35:184][343]SourceControl: 	TheGraduation/Saved/Config/CrashReportClient/UE4CC-Windows-9350E69346CCB41851983E9D8BA6C366/
[2019.12.11-13.34.35:184][343]SourceControl: 	TheGraduation/Saved/Config/CrashReportClient/UE4CC-Windows-A503CE21470DB0B96478DE89FE90B196/
[2019.12.11-13.34.35:184][343]SourceControl: 	TheGraduation/Saved/Config/CrashReportClient/UE4CC-Windows-E1A12D774E2EC5FAD0CDA9A4120E9DC9/
[2019.12.11-13.34.35:184][343]SourceControl: 	TheGraduation/Saved/Crashes/
[2019.12.11-13.34.35:184][343]SourceControl: 	TheGraduation/Saved/Diff/
[2019.12.11-13.34.35:184][343]SourceControl: 	TheGraduation/Saved/Logs/Git-TempA67C1DC447AC44F58D987A97C18AD7D8.txt
[2019.12.11-13.34.35:184][343]SourceControl: 	TheGraduation/Saved/Logs/TheGraduation-backup-2019.12.10-12.34.28.log
[2019.12.11-13.34.35:184][343]SourceControl: 	TheGraduation/Saved/Logs/TheGraduation-backup-2019.12.10-19.45.15.log
[2019.12.11-13.34.35:184][343]SourceControl: 	TheGraduation/Saved/Logs/TheGraduation-backup-2019.12.10-19.50.21.log
[2019.12.11-13.34.35:184][343]SourceControl: 	TheGraduation/Saved/Logs/TheGraduation-backup-2019.12.10-19.51.29.log
[2019.12.11-13.34.35:184][343]SourceControl: 	TheGraduation/Saved/Logs/TheGraduation-backup-2019.12.11-04.44.11.log
[2019.12.11-13.34.35:184][343]SourceControl: 	TheGraduation/Saved/Logs/TheGraduation-backup-2019.12.11-06.26.22.log
[2019.12.11-13.34.35:184][343]SourceControl: 	TheGraduation/Saved/Logs/TheGraduation-backup-2019.12.11-06.47.02.log
[2019.12.11-13.34.35:184][343]SourceControl: 	TheGraduation/Saved/Logs/TheGraduation-backup-2019.12.11-12.34.04.log
[2019.12.11-13.34.35:184][343]SourceControl: 	TheGraduation/Saved/Logs/TheGraduation-backup-2019.12.11-12.36.29.log
[2019.12.11-13.34.35:184][343]SourceControl: 	TheGraduation/Saved/Logs/TheGraduation-backup-2019.12.11-13.25.35.log
[2019.12.11-13.34.35:184][343]SourceControl: no changes added to commit
[2019.12.11-13.34.40:112][343]LogSlate: Window 'Message' being destroyed
[2019.12.11-13.34.42:624][477]LogUObjectHash: Compacting FUObjectHashTables data took   3.20ms
[2019.12.11-13.35.00:614][574]LogEditorSessionSummary: EditorSessionSummary sent report. Type=Shutdown, SessionId={32EA86B6-4317-464E-34B1-A4A2FC8C1095}
